#
# A fatal error has been detected by the Java Runtime Environment:
#
#  EXCEPTION_ACCESS_VIOLATION (0xc0000005) at pc=0x000000006bd4c0cf, pid=3772, tid=0x000000000000307c
#
# JRE version: Java(TM) SE Runtime Environment (8.0_271-b09) (build 1.8.0_271-b09)
# Java VM: Java HotSpot(TM) 64-Bit Server VM (25.271-b09 mixed mode windows-amd64 compressed oops)
# Problematic frame:
# V  [jvm.dll+0x21c0cf]
#
# Failed to write core dump. Minidumps are not enabled by default on client versions of Windows
#
# If you would like to submit a bug report, please visit:
#   http://bugreport.java.com/bugreport/crash.jsp
#

---------------  T H R E A D  ---------------

Current thread (0x000000000e9e6000):  JavaThread "main" [_thread_in_Java, id=12412, stack(0x0000000061970000,0x0000000061d70000)]

siginfo: ExceptionCode=0xc0000005, reading address 0x0000000000000028

Registers:
RAX=0x0000000061d6bbf8, RBX=0x0000000000000002, RCX=0x0000000000000000, RDX=0x0000000000000028
RSP=0x0000000061d6b8f0, RBP=0x0000000061d6b9f0, RSI=0x0000000000000002, RDI=0x0000000078dd9fd0
R8 =0x0000000000d1bb30, R9 =0x0000000000000004, R10=0x00000000629b2ca0, R11=0x0000000078dd9fd0
R12=0x0000000000000000, R13=0x0000000061d6bd00, R14=0x0000000061d6bbf0, R15=0x0000000000000003
RIP=0x000000006bd4c0cf, EFLAGS=0x0000000000010246

Top of Stack: (sp=0x0000000061d6b8f0)
0x0000000061d6b8f0:   000000000e9e6000 0000000061d6b9f0
0x0000000061d6b900:   0000000000000007 0000000078dd9fd0
0x0000000061d6b910:   000000000e9e6000 000000000fc661f0
0x0000000061d6b920:   0000000061d6b9b0 0000000001fd73a6
0x0000000061d6b930:   0000000a0faf0600 0000000078dd9fd0
0x0000000061d6b940:   000000000e9e6000 0000000080003be0
0x0000000061d6b950:   000000000e9e6000 000000006740ce90
0x0000000061d6b960:   0000000078dd9fd0 00000000fd5e41f0
0x0000000061d6b970:   0000000000000000 0000000000000000
0x0000000061d6b980:   0000000000000000 0000000061d6bd00
0x0000000061d6b990:   0000000061d6ba20 0000000001fd5f24
0x0000000061d6b9a0:   0000000010531ac0 0000000068f96380
0x0000000061d6b9b0:   000000000fc66230 0000000000000010
0x0000000061d6b9c0:   000000000000000c 000000000fc65370
0x0000000061d6b9d0:   0000000000d0d6b8 0000000061d6b9f8
0x0000000061d6b9e0:   0000000061d6ba00 0000000061d6bb68 

Instructions: (pc=0x000000006bd4c0cf)
0x000000006bd4c0af:   cc 48 85 d2 74 1d f6 c2 01 74 15 48 8b ca e8 ae
0x000000006bd4c0bf:   13 00 00 48 8b c8 eb 0b 49 8b cc 48 85 d2 74 03
0x000000006bd4c0cf:   48 8b 0a 49 8b 46 58 48 89 0c d8 49 8b 46 60 c6
0x000000006bd4c0df:   04 03 01 ff c6 48 ff c3 41 3b 76 68 7c 87 48 8b 


Register to memory mapping:

RAX=0x0000000061d6bbf8 is pointing into the stack for thread: 0x000000000e9e6000
RBX=0x0000000000000002 is an unknown value
RCX=0x0000000000000000 is an unknown value
RDX=0x0000000000000028 is an unknown value
RSP=0x0000000061d6b8f0 is pointing into the stack for thread: 0x000000000e9e6000
RBP=0x0000000061d6b9f0 is pointing into the stack for thread: 0x000000000e9e6000
RSI=0x0000000000000002 is an unknown value
RDI={method} {0x0000000078dd9fd8} 'add' '(ILjava/lang/Object;)V' in 'java/util/ArrayList'
R8 =0x0000000000d1bb30 is an unknown value
R9 =0x0000000000000004 is an unknown value
R10=0x00000000629b2ca0 is an unknown value
R11={method} {0x0000000078dd9fd8} 'add' '(ILjava/lang/Object;)V' in 'java/util/ArrayList'
R12=0x0000000000000000 is an unknown value
R13=0x0000000061d6bd00 is pointing into the stack for thread: 0x000000000e9e6000
R14=0x0000000061d6bbf0 is pointing into the stack for thread: 0x000000000e9e6000
R15=0x0000000000000003 is an unknown value


Stack: [0x0000000061970000,0x0000000061d70000],  sp=0x0000000061d6b8f0,  free space=4078k
Native frames: (J=compiled Java code, j=interpreted, Vv=VM code, C=native code)
V  [jvm.dll+0x21c0cf]


---------------  P R O C E S S  ---------------

Java Threads: ( => current thread )
  0x00000000677aa800 JavaThread "Service Thread" daemon [_thread_blocked, id=10368, stack(0x000000007dd10000,0x000000007e510000)]
  0x000000006771f000 JavaThread "C1 CompilerThread3" daemon [_thread_blocked, id=5812, stack(0x000000007d510000,0x000000007dd10000)]
  0x0000000067710000 JavaThread "C2 CompilerThread2" daemon [_thread_blocked, id=832, stack(0x000000007cd10000,0x000000007d510000)]
  0x000000006770a000 JavaThread "C2 CompilerThread1" daemon [_thread_blocked, id=2588, stack(0x000000007c510000,0x000000007cd10000)]
  0x0000000067706000 JavaThread "C2 CompilerThread0" daemon [_thread_blocked, id=1588, stack(0x000000007bd10000,0x000000007c510000)]
  0x0000000067703000 JavaThread "Attach Listener" daemon [_thread_blocked, id=5452, stack(0x000000007b510000,0x000000007bd10000)]
  0x0000000067702000 JavaThread "Signal Dispatcher" daemon [_thread_blocked, id=6268, stack(0x000000007ad10000,0x000000007b510000)]
  0x00000000676ec000 JavaThread "Finalizer" daemon [_thread_blocked, id=7280, stack(0x000000007a510000,0x000000007ad10000)]
  0x00000000676c4800 JavaThread "Reference Handler" daemon [_thread_blocked, id=4080, stack(0x0000000079d10000,0x000000007a510000)]
=>0x000000000e9e6000 JavaThread "main" [_thread_in_Java, id=12412, stack(0x0000000061970000,0x0000000061d70000)]

Other Threads:
  0x00000000676bd000 VMThread [stack: 0x0000000079510000,0x0000000079d10000] [id=9504]
  0x00000000677c6000 WatcherThread [stack: 0x000000007e510000,0x000000007ed10000] [id=2692]

VM state:not at safepoint (normal execution)

VM Mutex/Monitor currently owned by a thread: None

heap address: 0x00000000f8000000, size: 128 MB, Compressed Oops mode: 32-bit
Narrow klass base: 0x0000000000000000, Narrow klass shift: 3
Compressed class space size: 1073741824 Address: 0x0000000100000000

Heap:
 PSYoungGen      total 38400K, used 1331K [0x00000000fd580000, 0x0000000100000000, 0x0000000100000000)
  eden space 33280K, 4% used [0x00000000fd580000,0x00000000fd6ccce8,0x00000000ff600000)
  from space 5120K, 0% used [0x00000000ffb00000,0x00000000ffb00000,0x0000000100000000)
  to   space 5120K, 0% used [0x00000000ff600000,0x00000000ff600000,0x00000000ffb00000)
 ParOldGen       total 87552K, used 0K [0x00000000f8000000, 0x00000000fd580000, 0x00000000fd580000)
  object space 87552K, 0% used [0x00000000f8000000,0x00000000f8000000,0x00000000fd580000)
 Metaspace       used 2229K, capacity 4480K, committed 4480K, reserved 1056768K
  class space    used 251K, capacity 384K, committed 384K, reserved 1048576K

Card table byte_map: [0x0000000062230000,0x0000000062280000] byte_map_base: 0x0000000061a70000

Marking Bits: (ParMarkBitMap*) 0x000000006c327fe0
 Begin Bits: [0x000000006b560000, 0x000000006b760000)
 End Bits:   [0x000000006b760000, 0x000000006b960000)

Polling page: 0x0000000000ce0000

CodeCache: size=245760Kb used=1105Kb max_used=1105Kb free=244655Kb
 bounds [0x000000007fff0000, 0x0000000080260000, 0x000000008eff0000]
 total_blobs=248 nmethods=24 adapters=138
 compilation: enabled

Compilation events (10 events):
Event: 10.492 Thread 0x000000006771f000   18       1       java.lang.Class$MethodArray::length (5 bytes)
Event: 10.492 Thread 0x000000006771f000 nmethod 18 0x00000000800fdbd0 code [0x00000000800fdd20, 0x00000000800fde30]
Event: 10.492 Thread 0x000000006771f000   21       3       java.lang.Class$MethodArray::add (72 bytes)
Event: 10.492 Thread 0x000000006771f000 nmethod 21 0x0000000080101890 code [0x0000000080101a40, 0x0000000080102378]
Event: 10.579 Thread 0x000000006771f000   22       3       java.lang.reflect.Method::getParameterTypes (11 bytes)
Event: 10.579 Thread 0x000000006771f000 nmethod 22 0x0000000080102610 code [0x0000000080102780, 0x0000000080102a88]
Event: 162.065 Thread 0x000000006771f000   23       3       java.lang.String::<init> (82 bytes)
Event: 162.065 Thread 0x000000006771f000 nmethod 23 0x0000000080102b50 code [0x0000000080102d20, 0x0000000080103218]
Event: 162.065 Thread 0x000000006771f000   24       3       java.util.Arrays::copyOfRange (63 bytes)
Event: 162.066 Thread 0x000000006771f000 nmethod 24 0x0000000080103490 code [0x00000000801036a0, 0x00000000801041d8]

GC Heap History (0 events):
No events

Deoptimization events (0 events):
No events

Classes redefined (0 events):
No events

Internal exceptions (2 events):
Event: 0.020 Thread 0x000000000e9e6000 Exception <a 'java/lang/NoSuchMethodError': Method sun.misc.Unsafe.defineClass(Ljava/lang/String;[BII)Ljava/lang/Class; name or signature does not match> (0x00000000fd587cc0) thrown at [C:\jenkins\workspace\8-2-build-windows-amd64-cygwin\jdk8u271\605\hots
Event: 0.020 Thread 0x000000000e9e6000 Exception <a 'java/lang/NoSuchMethodError': Method sun.misc.Unsafe.prefetchRead(Ljava/lang/Object;J)V name or signature does not match> (0x00000000fd587fa8) thrown at [C:\jenkins\workspace\8-2-build-windows-amd64-cygwin\jdk8u271\605\hotspot\src\share\vm\p

Events (10 events):
Event: 10.491 loading class java/util/function/Predicate
Event: 10.491 loading class java/util/function/Predicate done
Event: 10.491 loading class java/util/stream/Stream
Event: 10.491 loading class java/util/stream/BaseStream
Event: 10.491 loading class java/util/stream/BaseStream done
Event: 10.491 loading class java/util/stream/Stream done
Event: 111.941 loading class java/util/ArrayList$Itr
Event: 111.941 loading class java/util/ArrayList$Itr done
Event: 548.109 loading class java/lang/IndexOutOfBoundsException
Event: 548.109 loading class java/lang/IndexOutOfBoundsException done


Dynamic libraries:
0x0000000000400000 - 0x0000000000432000 	C:\Users\Miguel Marcelino\AppData\Local\Programs\Julia-1.6.1\bin\julia.exe
0x00007ffc2a270000 - 0x00007ffc2a45d000 	C:\WINDOWS\SYSTEM32\ntdll.dll
0x00007ffc28280000 - 0x00007ffc28333000 	C:\WINDOWS\System32\KERNEL32.DLL
0x00007ffc26410000 - 0x00007ffc266a5000 	C:\WINDOWS\System32\KERNELBASE.dll
0x0000000068f80000 - 0x0000000068fb7000 	C:\Users\Miguel Marcelino\AppData\Local\Programs\Julia-1.6.1\bin\libjulia.dll
0x0000000061440000 - 0x0000000061569000 	C:\Users\Miguel Marcelino\AppData\Local\Programs\Julia-1.6.1\bin\libgcc_s_seh-1.dll
0x00007ffc277d0000 - 0x00007ffc2786e000 	C:\WINDOWS\System32\msvcrt.dll
0x0000000064940000 - 0x00000000649d8000 	C:\Users\Miguel Marcelino\AppData\Local\Programs\Julia-1.6.1\bin\libwinpthread-1.dll
0x0000000068740000 - 0x0000000068790000 	C:\Users\Miguel Marcelino\AppData\Local\Programs\Julia-1.6.1\bin\libopenlibm.dll
0x0000000001f00000 - 0x0000000006bba000 	C:\Users\Miguel Marcelino\AppData\Local\Programs\Julia-1.6.1\bin\libjulia-internal.dll
0x00007ffc29b60000 - 0x00007ffc29c03000 	C:\WINDOWS\System32\ADVAPI32.dll
0x0000000068ac0000 - 0x0000000068b1d000 	C:\Users\Miguel Marcelino\AppData\Local\Programs\Julia-1.6.1\bin\libssp-0.dll
0x00007ffc29e80000 - 0x00007ffc29f1e000 	C:\WINDOWS\System32\sechost.dll
0x000000006fc40000 - 0x00000000714f4000 	C:\Users\Miguel Marcelino\AppData\Local\Programs\Julia-1.6.1\bin\libstdc++-6.dll
0x00007ffc29c70000 - 0x00007ffc29d8f000 	C:\WINDOWS\System32\RPCRT4.dll
0x00007ffc29f30000 - 0x00007ffc29f38000 	C:\WINDOWS\System32\PSAPI.DLL
0x00007ffc2a0a0000 - 0x00007ffc2a237000 	C:\WINDOWS\System32\USER32.dll
0x00007ffc15640000 - 0x00007ffc1582d000 	C:\WINDOWS\SYSTEM32\dbghelp.dll
0x00007ffc267b0000 - 0x00007ffc267d0000 	C:\WINDOWS\System32\win32u.dll
0x00007ffc257c0000 - 0x00007ffc257fd000 	C:\WINDOWS\SYSTEM32\IPHLPAPI.DLL
0x00007ffc266b0000 - 0x00007ffc267aa000 	C:\WINDOWS\System32\ucrtbase.dll
0x00007ffc15310000 - 0x00007ffc1531c000 	C:\WINDOWS\SYSTEM32\Secur32.dll
0x00007ffc29930000 - 0x00007ffc29959000 	C:\WINDOWS\System32\GDI32.dll
0x00007ffc26880000 - 0x00007ffc26a1c000 	C:\WINDOWS\System32\gdi32full.dll
0x00007ffc26a20000 - 0x00007ffc26ac0000 	C:\WINDOWS\System32\msvcp_win.dll
0x00007ffc29d90000 - 0x00007ffc29dfd000 	C:\WINDOWS\System32\WS2_32.dll
0x00007ffc26160000 - 0x00007ffc26189000 	C:\WINDOWS\SYSTEM32\USERENV.dll
0x00007ffc22f20000 - 0x00007ffc22f44000 	C:\WINDOWS\SYSTEM32\WINMM.dll
0x00007ffc26260000 - 0x00007ffc26284000 	C:\WINDOWS\System32\profapi.dll
0x00007ffc22ef0000 - 0x00007ffc22f1d000 	C:\WINDOWS\SYSTEM32\WINMMBASE.dll
0x00007ffc26830000 - 0x00007ffc2687a000 	C:\WINDOWS\System32\cfgmgr32.dll
0x00000000073c0000 - 0x000000000ad79000 	C:\Users\Miguel Marcelino\AppData\Local\Programs\Julia-1.6.1\bin\LLVM.dll
0x00007ffc29f40000 - 0x00007ffc2a096000 	C:\WINDOWS\System32\ole32.dll
0x00007ffc274a0000 - 0x00007ffc277cd000 	C:\WINDOWS\System32\combase.dll
0x00007ffc26ac0000 - 0x00007ffc26b3f000 	C:\WINDOWS\System32\bcryptPrimitives.dll
0x00007ffc28420000 - 0x00007ffc29919000 	C:\WINDOWS\System32\SHELL32.dll
0x00007ffc27d50000 - 0x00007ffc27df8000 	C:\WINDOWS\System32\shcore.dll
0x00007ffc26b40000 - 0x00007ffc2728b000 	C:\WINDOWS\System32\windows.storage.dll
0x00007ffc26290000 - 0x00007ffc262ed000 	C:\WINDOWS\System32\powrprof.dll
0x00007ffc27ac0000 - 0x00007ffc27b12000 	C:\WINDOWS\System32\shlwapi.dll
0x00007ffc25c70000 - 0x00007ffc25c7c000 	C:\WINDOWS\SYSTEM32\CRYPTBASE.DLL
0x00007ffc262f0000 - 0x00007ffc26301000 	C:\WINDOWS\System32\kernel.appcore.dll
0x00007ffc27480000 - 0x00007ffc27497000 	C:\WINDOWS\System32\cryptsp.dll
0x00007ffc26190000 - 0x00007ffc261bf000 	C:\WINDOWS\SYSTEM32\SSPICLI.DLL
0x00007ffc279e0000 - 0x00007ffc27a0e000 	C:\WINDOWS\System32\IMM32.DLL
0x00007ffc25630000 - 0x00007ffc25663000 	C:\WINDOWS\system32\rsaenh.dll
0x00007ffc26330000 - 0x00007ffc26356000 	C:\WINDOWS\System32\bcrypt.dll
0x00007ffc24760000 - 0x00007ffc247fc000 	C:\WINDOWS\system32\uxtheme.dll
0x00007ffc25aa0000 - 0x00007ffc25b07000 	C:\WINDOWS\system32\mswsock.dll
0x000000000ea60000 - 0x0000000019765000 	C:\Users\Miguel Marcelino\AppData\Local\Programs\Julia-1.6.1\lib\julia\sys.dll
0x000000006c6c0000 - 0x000000006c72d000 	C:\Users\Miguel Marcelino\AppData\Local\Programs\Julia-1.6.1\bin\libatomic-1.dll
0x0000000064380000 - 0x0000000064438000 	C:\Users\Miguel Marcelino\AppData\Local\Programs\Julia-1.6.1\bin\libpcre2-8.DLL
0x000000006acc0000 - 0x000000006ad9d000 	C:\Users\Miguel Marcelino\AppData\Local\Programs\Julia-1.6.1\bin\libgmp.DLL
0x0000000063240000 - 0x000000006346f000 	C:\Users\Miguel Marcelino\AppData\Local\Programs\Julia-1.6.1\bin\libmpfr.DLL
0x0000000001e00000 - 0x0000000001edd000 	C:\Users\Miguel Marcelino\AppData\Local\Programs\Julia-1.6.1\bin\libgmp-10.dll
0x000000001eec0000 - 0x0000000020af8000 	C:\Users\Miguel Marcelino\AppData\Local\Programs\Julia-1.6.1\bin\libopenblas64_.DLL
0x0000000065440000 - 0x0000000065f1e000 	C:\Users\Miguel Marcelino\AppData\Local\Programs\Julia-1.6.1\bin\libgfortran-5.dll
0x000000006cf00000 - 0x000000006d05e000 	C:\Users\Miguel Marcelino\AppData\Local\Programs\Julia-1.6.1\bin\libquadmath-0.dll
0x000000006ba00000 - 0x000000006bb22000 	C:\Users\Miguel Marcelino\AppData\Local\Programs\Julia-1.6.1\bin\libcholmod.DLL
0x0000000066d40000 - 0x0000000066d64000 	C:\Users\Miguel Marcelino\AppData\Local\Programs\Julia-1.6.1\bin\libsuitesparseconfig.dll
0x0000000064600000 - 0x000000006462c000 	C:\Users\Miguel Marcelino\AppData\Local\Programs\Julia-1.6.1\bin\libcamd.dll
0x0000000068540000 - 0x000000006856b000 	C:\Users\Miguel Marcelino\AppData\Local\Programs\Julia-1.6.1\bin\libamd.dll
0x0000000000c70000 - 0x0000000000c99000 	C:\Users\Miguel Marcelino\AppData\Local\Programs\Julia-1.6.1\bin\libcolamd.dll
0x0000000000ca0000 - 0x0000000000ccd000 	C:\Users\Miguel Marcelino\AppData\Local\Programs\Julia-1.6.1\bin\libccolamd.dll
0x0000000062280000 - 0x00000000622a2000 	C:\Users\Miguel Marcelino\AppData\Local\Programs\Julia-1.6.1\bin\libsuitesparse_wrapper.DLL
0x000000006dc80000 - 0x000000006dd42000 	C:\Users\Miguel Marcelino\AppData\Local\Programs\Julia-1.6.1\bin\libnghttp2-14.dll
0x0000000060f60000 - 0x0000000060ff8000 	C:\Users\Miguel Marcelino\AppData\Local\Programs\Julia-1.6.1\bin\libcurl-4.dll
0x00007ffc27290000 - 0x00007ffc27473000 	C:\WINDOWS\System32\CRYPT32.dll
0x00007ffc26310000 - 0x00007ffc26322000 	C:\WINDOWS\System32\MSASN1.dll
0x000000006ea80000 - 0x000000006ead5000 	C:\Users\Miguel Marcelino\AppData\Local\Programs\Julia-1.6.1\bin\libssh2.dll
0x000000006e8c0000 - 0x000000006e8fa000 	C:\Users\Miguel Marcelino\AppData\Local\Programs\Julia-1.6.1\bin\libz.dll
0x000000006d840000 - 0x000000006d8d6000 	C:\Users\Miguel Marcelino\AppData\Local\Programs\Julia-1.6.1\bin\libmbedcrypto.dll
0x000000006bb30000 - 0x000000006c39f000 	C:\Program Files\Java\jre1.8.0_271\bin\server\jvm.dll
0x00007ffc19600000 - 0x00007ffc1961a000 	C:\WINDOWS\SYSTEM32\VCRUNTIME140.dll
0x00007ffc15bf0000 - 0x00007ffc15bf9000 	C:\WINDOWS\SYSTEM32\WSOCK32.dll
0x00007ffc20b40000 - 0x00007ffc20b4a000 	C:\WINDOWS\SYSTEM32\VERSION.dll
0x00007ffc167c0000 - 0x00007ffc167d0000 	C:\Program Files\Java\jre1.8.0_271\bin\verify.dll
0x00007ffc16750000 - 0x00007ffc1677b000 	C:\Program Files\Java\jre1.8.0_271\bin\java.dll
0x00007ffc167a0000 - 0x00007ffc167b8000 	C:\Program Files\Java\jre1.8.0_271\bin\zip.dll

VM Arguments:
jvm_args: -Xmx128M 
java_command: <unknown>
java_class_path (initial): <not set>
Launcher Type: generic

Environment Variables:
JAVA_HOME=C:\Program Files\Java\jre1.8.0_271
PATH=C:\Program Files\Common Files\Oracle\Java\javapath;C:\Program Files (x86)\Common Files\Oracle\Java\javapath;C:\WINDOWS\system32;C:\WINDOWS;C:\WINDOWS\System32\Wbem;C:\WINDOWS\System32\WindowsPowerShell\v1.0\;C:\WINDOWS\System32\OpenSSH\;C:\Program Files\dotnet\;C:\Program Files\Microsoft SQL Server\130\Tools\Binn\;C:\Program Files\Git\cmd;C:\Users\Miguel Marcelino\AppData\Local\Microsoft\WindowsApps;C:\Users\Miguel Marcelino\AppData\Local\Programs\Microsoft VS Code\bin;C:\Users\Miguel Marcelino\.dotnet\tools;C:\Users\Miguel Marcelino\AppData\Local\GitHubDesktop\bin;C:\Users\Miguel Marcelino\AppData\Local\Programs\Julia-1.6.1\bin
USERNAME=Miguel Marcelino
OS=Windows_NT
PROCESSOR_IDENTIFIER=Intel64 Family 6 Model 60 Stepping 3, GenuineIntel



---------------  S Y S T E M  ---------------

OS: Windows 10.0 , 64 bit Build 17763 (10.0.17763.1879)

CPU:total 8 (initial active 8) (4 cores per cpu, 2 threads per core) family 6 model 60 stepping 3, cmov, cx8, fxsr, mmx, sse, sse2, sse3, ssse3, sse4.1, sse4.2, popcnt, avx, avx2, aes, clmul, erms, lzcnt, ht, tsc, tscinvbit, bmi1, bmi2

Memory: 4k page, physical 16706340k(10697960k free), swap 19196708k(9021712k free)

vm_info: Java HotSpot(TM) 64-Bit Server VM (25.271-b09) for windows-amd64 JRE (1.8.0_271-b09), built on Sep 16 2020 19:14:59 by "" with MS VC++ 15.9 (VS2017)

time: Thu Jun  3 11:44:40 2021
timezone: GMT Daylight Time
elapsed time: 552.700300 seconds (0d 0h 9m 12s)

