#
# A fatal error has been detected by the Java Runtime Environment:
#
#  EXCEPTION_ACCESS_VIOLATION (0xc0000005) at pc=0x000000008000c991, pid=4944, tid=0x00000000000029a0
#
# JRE version: Java(TM) SE Runtime Environment (8.0_271-b09) (build 1.8.0_271-b09)
# Java VM: Java HotSpot(TM) 64-Bit Server VM (25.271-b09 mixed mode windows-amd64 compressed oops)
# Problematic frame:
# j  java.util.ArrayList.add(ILjava/lang/Object;)V+33
#
# Failed to write core dump. Minidumps are not enabled by default on client versions of Windows
#
# If you would like to submit a bug report, please visit:
#   http://bugreport.java.com/bugreport/crash.jsp
#

---------------  T H R E A D  ---------------

Current thread (0x0000000062c92800):  JavaThread "main" [_thread_in_Java, id=10656, stack(0x0000000061970000,0x0000000061d70000)]

siginfo: ExceptionCode=0xc0000005, reading address 0x000000007d1e10a8

Registers:
RAX=0x0000000100000f28, RBX=0x000000007d1e1080, RCX=0x0000000000000028, RDX=0x00000000fd5fed3c
RSP=0x0000000061d6d808, RBP=0x0000000061d6d860, RSI=0x0000000000000000, RDI=0x0000000000000002
R8 =0x0000000000000001, R9 =0x00000000000000cb, R10=0x0000000075ce8220, R11=0x0000000000000002
R12=0x0000000000000000, R13=0x000000007a249fc2, R14=0x0000000061d6d880, R15=0x0000000062c92800
RIP=0x000000008000c991, EFLAGS=0x0000000000010293

Top of Stack: (sp=0x0000000061d6d808)
0x0000000061d6d808:   0000000010268940 0000000000000001
0x0000000061d6d818:   00000000fd5fed28 0000000061d6d820
0x0000000061d6d828:   000000007a249fb9 0000000061d6d880
0x0000000061d6d838:   000000007a24b5f0 0000000000000000
0x0000000061d6d848:   000000007a249fd0 0000000000000000
0x0000000061d6d858:   0000000061d6d870 0000000061d6d960
0x0000000061d6d868:   000000007fff08da 0000000010268940
0x0000000061d6d878:   0000000000000001 00000000fd5feb40
0x0000000061d6d888:   cafebabecafebabe cafebabecafebabe
0x0000000061d6d898:   0000000000000000 0000000000000000
0x0000000061d6d8a8:   0000000000000000 0000000000000000
0x0000000061d6d8b8:   0000000000000000 0000000000000000
0x0000000061d6d8c8:   0000000000000000 0000000000000000
0x0000000061d6d8d8:   0000000000000000 0000000000000000
0x0000000061d6d8e8:   0000000000000000 0000000000000000
0x0000000061d6d8f8:   cafebabecafebabe cafebabecafebabe 

Instructions: (pc=0x000000008000c991)
0x000000008000c971:   89 59 10 bf 01 00 00 00 48 89 79 18 48 83 c1 30
0x000000008000c981:   48 89 4d e0 48 3b d8 0f 84 5a 00 00 00 8b 48 0c
0x000000008000c991:   48 3b 04 0b 0f 84 4d 00 00 00 83 f9 18 0f 85 22
0x000000008000c9a1:   00 00 00 50 48 8b c0 57 48 8b 7b 20 8b 0f 48 83 


Register to memory mapping:

RAX=0x0000000100000f28 is pointing into metadata
RBX=0x000000007d1e1080 is pointing into the stack for thread: 0x0000000067711800
RCX=0x0000000000000028 is an unknown value
RDX=0x00000000fd5fed3c is an unknown value
RSP=0x0000000061d6d808 is pointing into the stack for thread: 0x0000000062c92800
RBP=0x0000000061d6d860 is pointing into the stack for thread: 0x0000000062c92800
RSI=0x0000000000000000 is an unknown value
RDI=0x0000000000000002 is an unknown value
R8 =0x0000000000000001 is an unknown value
R9 =0x00000000000000cb is an unknown value
R10=0x0000000075ce8220 is an unknown value
R11=0x0000000000000002 is an unknown value
R12=0x0000000000000000 is an unknown value
R13=0x000000007a249fc2 is pointing into metadata
R14=0x0000000061d6d880 is pointing into the stack for thread: 0x0000000062c92800
R15=0x0000000062c92800 is a thread


Stack: [0x0000000061970000,0x0000000061d70000],  sp=0x0000000061d6d808,  free space=4086k
Native frames: (J=compiled Java code, j=interpreted, Vv=VM code, C=native code)
C  0x000000008000c991


---------------  P R O C E S S  ---------------

Java Threads: ( => current thread )
  0x00000000677ad800 JavaThread "Service Thread" daemon [_thread_blocked, id=12084, stack(0x000000007f180000,0x000000007f980000)]
  0x0000000067723800 JavaThread "C1 CompilerThread3" daemon [_thread_blocked, id=3448, stack(0x000000007e980000,0x000000007f180000)]
  0x0000000067715800 JavaThread "C2 CompilerThread2" daemon [_thread_blocked, id=11088, stack(0x000000007e180000,0x000000007e980000)]
  0x0000000067714800 JavaThread "C2 CompilerThread1" daemon [_thread_blocked, id=2500, stack(0x000000007d980000,0x000000007e180000)]
  0x0000000067711800 JavaThread "C2 CompilerThread0" daemon [_thread_blocked, id=11184, stack(0x000000007d180000,0x000000007d980000)]
  0x000000006770f000 JavaThread "Attach Listener" daemon [_thread_blocked, id=12612, stack(0x000000007c980000,0x000000007d180000)]
  0x000000006770e000 JavaThread "Signal Dispatcher" daemon [_thread_blocked, id=10024, stack(0x000000007c180000,0x000000007c980000)]
  0x00000000676f4800 JavaThread "Finalizer" daemon [_thread_blocked, id=13204, stack(0x000000007b980000,0x000000007c180000)]
  0x00000000676c4800 JavaThread "Reference Handler" daemon [_thread_blocked, id=3812, stack(0x000000007b180000,0x000000007b980000)]
=>0x0000000062c92800 JavaThread "main" [_thread_in_Java, id=10656, stack(0x0000000061970000,0x0000000061d70000)]

Other Threads:
  0x00000000676bc800 VMThread [stack: 0x000000007a980000,0x000000007b180000] [id=1964]
  0x00000000677cd000 WatcherThread [stack: 0x000000008eff0000,0x000000008f7f0000] [id=3344]

VM state:not at safepoint (normal execution)

VM Mutex/Monitor currently owned by a thread: None

heap address: 0x00000000f8000000, size: 128 MB, Compressed Oops mode: 32-bit
Narrow klass base: 0x0000000000000000, Narrow klass shift: 3
Compressed class space size: 1073741824 Address: 0x0000000100000000

Heap:
 PSYoungGen      total 38400K, used 1331K [0x00000000fd580000, 0x0000000100000000, 0x0000000100000000)
  eden space 33280K, 4% used [0x00000000fd580000,0x00000000fd6ccce8,0x00000000ff600000)
  from space 5120K, 0% used [0x00000000ffb00000,0x00000000ffb00000,0x0000000100000000)
  to   space 5120K, 0% used [0x00000000ff600000,0x00000000ff600000,0x00000000ffb00000)
 ParOldGen       total 87552K, used 0K [0x00000000f8000000, 0x00000000fd580000, 0x00000000fd580000)
  object space 87552K, 0% used [0x00000000f8000000,0x00000000f8000000,0x00000000fd580000)
 Metaspace       used 2252K, capacity 4480K, committed 4480K, reserved 1056768K
  class space    used 254K, capacity 384K, committed 384K, reserved 1048576K

Card table byte_map: [0x0000000062220000,0x0000000062270000] byte_map_base: 0x0000000061a60000

Marking Bits: (ParMarkBitMap*) 0x0000000075d07fe0
 Begin Bits: [0x0000000079d80000, 0x0000000079f80000)
 End Bits:   [0x0000000079f80000, 0x000000007a180000)

Polling page: 0x0000000000de0000

CodeCache: size=245760Kb used=1120Kb max_used=1122Kb free=244639Kb
 bounds [0x000000007fff0000, 0x0000000080260000, 0x000000008eff0000]
 total_blobs=261 nmethods=37 adapters=138
 compilation: enabled

Compilation events (10 events):
Event: 487.604 Thread 0x0000000067723800   33       3       java.lang.reflect.Executable::<init> (5 bytes)
Event: 487.604 Thread 0x0000000067723800 nmethod 33 0x0000000080107690 code [0x0000000080107800, 0x0000000080107a10]
Event: 487.604 Thread 0x0000000067723800   34       3       sun.reflect.ReflectionFactory::copyMethod (10 bytes)
Event: 487.604 Thread 0x0000000067723800 nmethod 34 0x0000000080106f50 code [0x00000000801070e0, 0x00000000801074c8]
Event: 487.604 Thread 0x0000000067723800   35       3       java.lang.reflect.ReflectAccess::copyMethod (5 bytes)
Event: 487.605 Thread 0x0000000067723800 nmethod 35 0x0000000080106b10 code [0x0000000080106c80, 0x0000000080106e88]
Event: 487.605 Thread 0x0000000067723800   36       3       java.lang.reflect.Method::copy (84 bytes)
Event: 487.605 Thread 0x0000000067723800 nmethod 36 0x00000000801064d0 code [0x0000000080106660, 0x0000000080106a18]
Event: 487.605 Thread 0x0000000067723800   37       3       java.lang.reflect.Method::<init> (68 bytes)
Event: 487.605 Thread 0x0000000067723800 nmethod 37 0x0000000080105e90 code [0x0000000080106000, 0x0000000080106350]

GC Heap History (0 events):
No events

Deoptimization events (0 events):
No events

Classes redefined (0 events):
No events

Internal exceptions (5 events):
Event: 0.020 Thread 0x0000000062c92800 Exception <a 'java/lang/NoSuchMethodError': Method sun.misc.Unsafe.defineClass(Ljava/lang/String;[BII)Ljava/lang/Class; name or signature does not match> (0x00000000fd587cc0) thrown at [C:\jenkins\workspace\8-2-build-windows-amd64-cygwin\jdk8u271\605\hots
Event: 0.020 Thread 0x0000000062c92800 Exception <a 'java/lang/NoSuchMethodError': Method sun.misc.Unsafe.prefetchRead(Ljava/lang/Object;J)V name or signature does not match> (0x00000000fd587fa8) thrown at [C:\jenkins\workspace\8-2-build-windows-amd64-cygwin\jdk8u271\605\hotspot\src\share\vm\p
Event: 275.893 Thread 0x0000000062c92800 Exception <a 'java/lang/NoSuchMethodError': <init>> (0x00000000fd5e7f38) thrown at [C:\jenkins\workspace\8-2-build-windows-amd64-cygwin\jdk8u271\605\hotspot\src\share\vm\prims\jni.cpp, line 1615]
Event: 2787.543 Thread 0x0000000062c92800 Exception <a 'java/lang/NoSuchMethodError': <init>> (0x00000000fd5fe6f8) thrown at [C:\jenkins\workspace\8-2-build-windows-amd64-cygwin\jdk8u271\605\hotspot\src\share\vm\prims\jni.cpp, line 1615]
Event: 2804.584 Thread 0x0000000062c92800 Exception <a 'java/lang/NoSuchMethodError': <init>> (0x00000000fd5fe938) thrown at [C:\jenkins\workspace\8-2-build-windows-amd64-cygwin\jdk8u271\605\hotspot\src\share\vm\prims\jni.cpp, line 1615]

Events (10 events):
Event: 270.503 loading class java/lang/NumberFormatException
Event: 270.504 loading class java/lang/NumberFormatException done
Event: 487.593 loading class java/io/UnsupportedEncodingException
Event: 487.593 loading class java/io/IOException
Event: 487.593 loading class java/io/IOException done
Event: 487.593 loading class java/io/UnsupportedEncodingException done
Event: 487.593 loading class java/util/stream/IntStream
Event: 487.593 loading class java/util/stream/IntStream done
Event: 487.604 loading class java/util/concurrent/ConcurrentHashMap$ForwardingNode
Event: 487.604 loading class java/util/concurrent/ConcurrentHashMap$ForwardingNode done


Dynamic libraries:
0x0000000000400000 - 0x0000000000432000 	C:\Users\Miguel Marcelino\AppData\Local\Programs\Julia-1.6.1\bin\julia.exe
0x00007ffc2a270000 - 0x00007ffc2a45d000 	C:\WINDOWS\SYSTEM32\ntdll.dll
0x00007ffc28280000 - 0x00007ffc28333000 	C:\WINDOWS\System32\KERNEL32.DLL
0x00007ffc26410000 - 0x00007ffc266a5000 	C:\WINDOWS\System32\KERNELBASE.dll
0x0000000068f80000 - 0x0000000068fb7000 	C:\Users\Miguel Marcelino\AppData\Local\Programs\Julia-1.6.1\bin\libjulia.dll
0x0000000061440000 - 0x0000000061569000 	C:\Users\Miguel Marcelino\AppData\Local\Programs\Julia-1.6.1\bin\libgcc_s_seh-1.dll
0x00007ffc277d0000 - 0x00007ffc2786e000 	C:\WINDOWS\System32\msvcrt.dll
0x0000000064940000 - 0x00000000649d8000 	C:\Users\Miguel Marcelino\AppData\Local\Programs\Julia-1.6.1\bin\libwinpthread-1.dll
0x0000000068740000 - 0x0000000068790000 	C:\Users\Miguel Marcelino\AppData\Local\Programs\Julia-1.6.1\bin\libopenlibm.dll
0x00000000028e0000 - 0x000000000759a000 	C:\Users\Miguel Marcelino\AppData\Local\Programs\Julia-1.6.1\bin\libjulia-internal.dll
0x00007ffc29b60000 - 0x00007ffc29c03000 	C:\WINDOWS\System32\ADVAPI32.dll
0x0000000068ac0000 - 0x0000000068b1d000 	C:\Users\Miguel Marcelino\AppData\Local\Programs\Julia-1.6.1\bin\libssp-0.dll
0x000000006fc40000 - 0x00000000714f4000 	C:\Users\Miguel Marcelino\AppData\Local\Programs\Julia-1.6.1\bin\libstdc++-6.dll
0x00007ffc29e80000 - 0x00007ffc29f1e000 	C:\WINDOWS\System32\sechost.dll
0x00007ffc29c70000 - 0x00007ffc29d8f000 	C:\WINDOWS\System32\RPCRT4.dll
0x00007ffc29f30000 - 0x00007ffc29f38000 	C:\WINDOWS\System32\PSAPI.DLL
0x00007ffc2a0a0000 - 0x00007ffc2a237000 	C:\WINDOWS\System32\USER32.dll
0x00007ffc257c0000 - 0x00007ffc257fd000 	C:\WINDOWS\SYSTEM32\IPHLPAPI.DLL
0x00007ffc15640000 - 0x00007ffc1582d000 	C:\WINDOWS\SYSTEM32\dbghelp.dll
0x00007ffc267b0000 - 0x00007ffc267d0000 	C:\WINDOWS\System32\win32u.dll
0x00007ffc15310000 - 0x00007ffc1531c000 	C:\WINDOWS\SYSTEM32\Secur32.dll
0x00007ffc266b0000 - 0x00007ffc267aa000 	C:\WINDOWS\System32\ucrtbase.dll
0x00007ffc29930000 - 0x00007ffc29959000 	C:\WINDOWS\System32\GDI32.dll
0x00007ffc26880000 - 0x00007ffc26a1c000 	C:\WINDOWS\System32\gdi32full.dll
0x00007ffc26a20000 - 0x00007ffc26ac0000 	C:\WINDOWS\System32\msvcp_win.dll
0x00007ffc29d90000 - 0x00007ffc29dfd000 	C:\WINDOWS\System32\WS2_32.dll
0x00007ffc22f20000 - 0x00007ffc22f44000 	C:\WINDOWS\SYSTEM32\WINMM.dll
0x00007ffc26160000 - 0x00007ffc26189000 	C:\WINDOWS\SYSTEM32\USERENV.dll
0x00007ffc26260000 - 0x00007ffc26284000 	C:\WINDOWS\System32\profapi.dll
0x00007ffc22ef0000 - 0x00007ffc22f1d000 	C:\WINDOWS\SYSTEM32\winmmbase.dll
0x00007ffc26830000 - 0x00007ffc2687a000 	C:\WINDOWS\System32\cfgmgr32.dll
0x00000000075a0000 - 0x000000000af59000 	C:\Users\Miguel Marcelino\AppData\Local\Programs\Julia-1.6.1\bin\LLVM.dll
0x00007ffc29f40000 - 0x00007ffc2a096000 	C:\WINDOWS\System32\ole32.dll
0x00007ffc274a0000 - 0x00007ffc277cd000 	C:\WINDOWS\System32\combase.dll
0x00007ffc26ac0000 - 0x00007ffc26b3f000 	C:\WINDOWS\System32\bcryptPrimitives.dll
0x00007ffc28420000 - 0x00007ffc29919000 	C:\WINDOWS\System32\SHELL32.dll
0x00007ffc27d50000 - 0x00007ffc27df8000 	C:\WINDOWS\System32\shcore.dll
0x00007ffc26b40000 - 0x00007ffc2728b000 	C:\WINDOWS\System32\windows.storage.dll
0x00007ffc26290000 - 0x00007ffc262ed000 	C:\WINDOWS\System32\powrprof.dll
0x00007ffc27ac0000 - 0x00007ffc27b12000 	C:\WINDOWS\System32\shlwapi.dll
0x00007ffc262f0000 - 0x00007ffc26301000 	C:\WINDOWS\System32\kernel.appcore.dll
0x00007ffc27480000 - 0x00007ffc27497000 	C:\WINDOWS\System32\cryptsp.dll
0x00007ffc25c70000 - 0x00007ffc25c7c000 	C:\WINDOWS\SYSTEM32\CRYPTBASE.DLL
0x00007ffc26190000 - 0x00007ffc261bf000 	C:\WINDOWS\SYSTEM32\SSPICLI.DLL
0x00007ffc279e0000 - 0x00007ffc27a0e000 	C:\WINDOWS\System32\IMM32.DLL
0x00007ffc25630000 - 0x00007ffc25663000 	C:\WINDOWS\system32\rsaenh.dll
0x00007ffc26330000 - 0x00007ffc26356000 	C:\WINDOWS\System32\bcrypt.dll
0x00007ffc24760000 - 0x00007ffc247fc000 	C:\WINDOWS\system32\uxtheme.dll
0x00007ffc25aa0000 - 0x00007ffc25b07000 	C:\WINDOWS\system32\mswsock.dll
0x000000000e9b0000 - 0x00000000196b5000 	C:\Users\Miguel Marcelino\AppData\Local\Programs\Julia-1.6.1\lib\julia\sys.dll
0x000000006c6c0000 - 0x000000006c72d000 	C:\Users\Miguel Marcelino\AppData\Local\Programs\Julia-1.6.1\bin\libatomic-1.dll
0x0000000064380000 - 0x0000000064438000 	C:\Users\Miguel Marcelino\AppData\Local\Programs\Julia-1.6.1\bin\libpcre2-8.DLL
0x000000006acc0000 - 0x000000006ad9d000 	C:\Users\Miguel Marcelino\AppData\Local\Programs\Julia-1.6.1\bin\libgmp.DLL
0x0000000063240000 - 0x000000006346f000 	C:\Users\Miguel Marcelino\AppData\Local\Programs\Julia-1.6.1\bin\libmpfr.DLL
0x000000001ee00000 - 0x000000001eedd000 	C:\Users\Miguel Marcelino\AppData\Local\Programs\Julia-1.6.1\bin\libgmp-10.dll
0x000000001eee0000 - 0x0000000020b18000 	C:\Users\Miguel Marcelino\AppData\Local\Programs\Julia-1.6.1\bin\libopenblas64_.DLL
0x0000000065440000 - 0x0000000065f1e000 	C:\Users\Miguel Marcelino\AppData\Local\Programs\Julia-1.6.1\bin\libgfortran-5.dll
0x000000006cf00000 - 0x000000006d05e000 	C:\Users\Miguel Marcelino\AppData\Local\Programs\Julia-1.6.1\bin\libquadmath-0.dll
0x000000006ba00000 - 0x000000006bb22000 	C:\Users\Miguel Marcelino\AppData\Local\Programs\Julia-1.6.1\bin\libcholmod.DLL
0x0000000064600000 - 0x000000006462c000 	C:\Users\Miguel Marcelino\AppData\Local\Programs\Julia-1.6.1\bin\libcamd.dll
0x0000000066d40000 - 0x0000000066d64000 	C:\Users\Miguel Marcelino\AppData\Local\Programs\Julia-1.6.1\bin\libsuitesparseconfig.dll
0x0000000068540000 - 0x000000006856b000 	C:\Users\Miguel Marcelino\AppData\Local\Programs\Julia-1.6.1\bin\libamd.dll
0x0000000000d70000 - 0x0000000000d99000 	C:\Users\Miguel Marcelino\AppData\Local\Programs\Julia-1.6.1\bin\libcolamd.dll
0x0000000000da0000 - 0x0000000000dcd000 	C:\Users\Miguel Marcelino\AppData\Local\Programs\Julia-1.6.1\bin\libccolamd.dll
0x0000000062280000 - 0x00000000622a2000 	C:\Users\Miguel Marcelino\AppData\Local\Programs\Julia-1.6.1\bin\libsuitesparse_wrapper.DLL
0x000000006dc80000 - 0x000000006dd42000 	C:\Users\Miguel Marcelino\AppData\Local\Programs\Julia-1.6.1\bin\libnghttp2-14.dll
0x0000000060f80000 - 0x0000000061018000 	C:\Users\Miguel Marcelino\AppData\Local\Programs\Julia-1.6.1\bin\libcurl-4.dll
0x00007ffc27290000 - 0x00007ffc27473000 	C:\WINDOWS\System32\CRYPT32.dll
0x00007ffc26310000 - 0x00007ffc26322000 	C:\WINDOWS\System32\MSASN1.dll
0x000000006ea80000 - 0x000000006ead5000 	C:\Users\Miguel Marcelino\AppData\Local\Programs\Julia-1.6.1\bin\libssh2.dll
0x000000006e8c0000 - 0x000000006e8fa000 	C:\Users\Miguel Marcelino\AppData\Local\Programs\Julia-1.6.1\bin\libz.dll
0x000000006d840000 - 0x000000006d8d6000 	C:\Users\Miguel Marcelino\AppData\Local\Programs\Julia-1.6.1\bin\libmbedcrypto.dll
0x0000000075510000 - 0x0000000075d7f000 	C:\Program Files\Java\jre1.8.0_271\bin\server\jvm.dll
0x00007ffc19600000 - 0x00007ffc1961a000 	C:\WINDOWS\SYSTEM32\VCRUNTIME140.dll
0x00007ffc20b40000 - 0x00007ffc20b4a000 	C:\WINDOWS\SYSTEM32\VERSION.dll
0x00007ffc15bf0000 - 0x00007ffc15bf9000 	C:\WINDOWS\SYSTEM32\WSOCK32.dll
0x00007ffc167c0000 - 0x00007ffc167d0000 	C:\Program Files\Java\jre1.8.0_271\bin\verify.dll
0x00007ffc15aa0000 - 0x00007ffc15acb000 	C:\Program Files\Java\jre1.8.0_271\bin\java.dll
0x00007ffc167a0000 - 0x00007ffc167b8000 	C:\Program Files\Java\jre1.8.0_271\bin\zip.dll

VM Arguments:
jvm_args: -Xmx128M 
java_command: <unknown>
java_class_path (initial): <not set>
Launcher Type: generic

Environment Variables:
JAVA_HOME=C:\Program Files\Java\jre1.8.0_271
PATH=C:\Program Files\Common Files\Oracle\Java\javapath;C:\Program Files (x86)\Common Files\Oracle\Java\javapath;C:\WINDOWS\system32;C:\WINDOWS;C:\WINDOWS\System32\Wbem;C:\WINDOWS\System32\WindowsPowerShell\v1.0\;C:\WINDOWS\System32\OpenSSH\;C:\Program Files\dotnet\;C:\Program Files\Microsoft SQL Server\130\Tools\Binn\;C:\Program Files\Git\cmd;C:\Users\Miguel Marcelino\AppData\Local\Microsoft\WindowsApps;C:\Users\Miguel Marcelino\AppData\Local\Programs\Microsoft VS Code\bin;C:\Users\Miguel Marcelino\.dotnet\tools;C:\Users\Miguel Marcelino\AppData\Local\GitHubDesktop\bin;C:\Users\Miguel Marcelino\AppData\Local\Programs\Julia-1.6.1\bin
USERNAME=Miguel Marcelino
OS=Windows_NT
PROCESSOR_IDENTIFIER=Intel64 Family 6 Model 60 Stepping 3, GenuineIntel



---------------  S Y S T E M  ---------------

OS: Windows 10.0 , 64 bit Build 17763 (10.0.17763.1879)

CPU:total 8 (initial active 8) (4 cores per cpu, 2 threads per core) family 6 model 60 stepping 3, cmov, cx8, fxsr, mmx, sse, sse2, sse3, ssse3, sse4.1, sse4.2, popcnt, avx, avx2, aes, clmul, erms, lzcnt, ht, tsc, tscinvbit, bmi1, bmi2

Memory: 4k page, physical 16706340k(10898328k free), swap 19196708k(9261572k free)

vm_info: Java HotSpot(TM) 64-Bit Server VM (25.271-b09) for windows-amd64 JRE (1.8.0_271-b09), built on Sep 16 2020 19:14:59 by "" with MS VC++ 15.9 (VS2017)

time: Thu Jun  3 20:15:27 2021
timezone: GMT Daylight Time
elapsed time: 3987.663824 seconds (0d 1h 6m 27s)

