#
# A fatal error has been detected by the Java Runtime Environment:
#
#  EXCEPTION_ACCESS_VIOLATION (0xc0000005) at pc=0x000000006df6c0cf, pid=2676, tid=0x000000000000053c
#
# JRE version: Java(TM) SE Runtime Environment (8.0_271-b09) (build 1.8.0_271-b09)
# Java VM: Java HotSpot(TM) 64-Bit Server VM (25.271-b09 mixed mode windows-amd64 compressed oops)
# Problematic frame:
# V  [jvm.dll+0x21c0cf]
#
# Failed to write core dump. Minidumps are not enabled by default on client versions of Windows
#
# If you would like to submit a bug report, please visit:
#   http://bugreport.java.com/bugreport/crash.jsp
#

---------------  T H R E A D  ---------------

Current thread (0x00000000673ca800):  JavaThread "main" [_thread_in_Java, id=1340, stack(0x0000000061970000,0x0000000061d70000)]

siginfo: ExceptionCode=0xc0000005, reading address 0x0000010100000000

Registers:
RAX=0x0000000061d6dbf8, RBX=0x0000000000000002, RCX=0x0000000000000000, RDX=0x0000010100000000
RSP=0x0000000061d6d8f0, RBP=0x0000000061d6d9f0, RSI=0x0000000000000002, RDI=0x00000000795d9fd0
R8 =0x000000000009e4f0, R9 =0x0000000000000004, R10=0x0000000061f6eaa0, R11=0x00000000795d9fd0
R12=0x0000000000000000, R13=0x0000000061d6dd00, R14=0x0000000061d6dbf0, R15=0x0000000000000003
RIP=0x000000006df6c0cf, EFLAGS=0x0000000000010246

Top of Stack: (sp=0x0000000061d6d8f0)
0x0000000061d6d8f0:   00000000673ca800 0000000061d6d9f0
0x0000000061d6d900:   0000000000000007 00000000795d9fd0
0x0000000061d6d910:   00000000673ca800 00000000026273a6
0x0000000061d6d920:   000000000f3806d0 000000000f37c0b0
0x0000000061d6d930:   0000000a00000000 00000000795d9fd0
0x0000000061d6d940:   00000000673ca800 0000000080003be0
0x0000000061d6d950:   00000000673ca800 000000000017e2f0
0x0000000061d6d960:   00000000795d9fd0 00000000fd5e5bb0
0x0000000061d6d970:   0000000000000000 0000000000000000
0x0000000061d6d980:   0000000000000000 0000000061d6dd00
0x0000000061d6d990:   000000000fdc1ac0 0000000068f96380
0x0000000061d6d9a0:   000000000f4f6230 000000000260e9f2
0x0000000061d6d9b0:   0000000000000011 0000000000000010
0x0000000061d6d9c0:   000000000000000c 000000000f4f5370
0x0000000061d6d9d0:   000000000c840918 0000000061d6da08
0x0000000061d6d9e0:   000000000fdc1ae0 0000000061d6db68 

Instructions: (pc=0x000000006df6c0cf)
0x000000006df6c0af:   cc 48 85 d2 74 1d f6 c2 01 74 15 48 8b ca e8 ae
0x000000006df6c0bf:   13 00 00 48 8b c8 eb 0b 49 8b cc 48 85 d2 74 03
0x000000006df6c0cf:   48 8b 0a 49 8b 46 58 48 89 0c d8 49 8b 46 60 c6
0x000000006df6c0df:   04 03 01 ff c6 48 ff c3 41 3b 76 68 7c 87 48 8b 


Register to memory mapping:

RAX=0x0000000061d6dbf8 is pointing into the stack for thread: 0x00000000673ca800
RBX=0x0000000000000002 is an unknown value
RCX=0x0000000000000000 is an unknown value
RDX=0x0000010100000000 is an unknown value
RSP=0x0000000061d6d8f0 is pointing into the stack for thread: 0x00000000673ca800
RBP=0x0000000061d6d9f0 is pointing into the stack for thread: 0x00000000673ca800
RSI=0x0000000000000002 is an unknown value
RDI={method} {0x00000000795d9fd8} 'add' '(ILjava/lang/Object;)V' in 'java/util/ArrayList'
R8 =0x000000000009e4f0 is an unknown value
R9 =0x0000000000000004 is an unknown value
R10=0x0000000061f6eaa0 is an unknown value
R11={method} {0x00000000795d9fd8} 'add' '(ILjava/lang/Object;)V' in 'java/util/ArrayList'
R12=0x0000000000000000 is an unknown value
R13=0x0000000061d6dd00 is pointing into the stack for thread: 0x00000000673ca800
R14=0x0000000061d6dbf0 is pointing into the stack for thread: 0x00000000673ca800
R15=0x0000000000000003 is an unknown value


Stack: [0x0000000061970000,0x0000000061d70000],  sp=0x0000000061d6d8f0,  free space=4086k
Native frames: (J=compiled Java code, j=interpreted, Vv=VM code, C=native code)
V  [jvm.dll+0x21c0cf]


---------------  P R O C E S S  ---------------

Java Threads: ( => current thread )
  0x00000000677a4000 JavaThread "Service Thread" daemon [_thread_blocked, id=8388, stack(0x000000007e510000,0x000000007ed10000)]
  0x000000006771a000 JavaThread "C1 CompilerThread3" daemon [_thread_blocked, id=4828, stack(0x000000007dd10000,0x000000007e510000)]
  0x0000000067712000 JavaThread "C2 CompilerThread2" daemon [_thread_blocked, id=2876, stack(0x000000007d510000,0x000000007dd10000)]
  0x000000006770c800 JavaThread "C2 CompilerThread1" daemon [_thread_blocked, id=4664, stack(0x000000007cd10000,0x000000007d510000)]
  0x0000000067709000 JavaThread "C2 CompilerThread0" daemon [_thread_blocked, id=10268, stack(0x000000007c510000,0x000000007cd10000)]
  0x0000000067705800 JavaThread "Attach Listener" daemon [_thread_blocked, id=10660, stack(0x000000007bd10000,0x000000007c510000)]
  0x0000000067704800 JavaThread "Signal Dispatcher" daemon [_thread_blocked, id=12740, stack(0x000000007b510000,0x000000007bd10000)]
  0x00000000676ed800 JavaThread "Finalizer" daemon [_thread_blocked, id=9804, stack(0x000000007ad10000,0x000000007b510000)]
  0x00000000676bd000 JavaThread "Reference Handler" daemon [_thread_blocked, id=4920, stack(0x000000007a510000,0x000000007ad10000)]
=>0x00000000673ca800 JavaThread "main" [_thread_in_Java, id=1340, stack(0x0000000061970000,0x0000000061d70000)]

Other Threads:
  0x00000000676b5000 VMThread [stack: 0x0000000079d10000,0x000000007a510000] [id=12676]
  0x00000000677c4800 WatcherThread [stack: 0x000000007ed10000,0x000000007f510000] [id=12904]

VM state:not at safepoint (normal execution)

VM Mutex/Monitor currently owned by a thread: None

heap address: 0x00000000f8000000, size: 128 MB, Compressed Oops mode: 32-bit
Narrow klass base: 0x0000000000000000, Narrow klass shift: 3
Compressed class space size: 1073741824 Address: 0x0000000100000000

Heap:
 PSYoungGen      total 38400K, used 1331K [0x00000000fd580000, 0x0000000100000000, 0x0000000100000000)
  eden space 33280K, 4% used [0x00000000fd580000,0x00000000fd6ccce8,0x00000000ff600000)
  from space 5120K, 0% used [0x00000000ffb00000,0x00000000ffb00000,0x0000000100000000)
  to   space 5120K, 0% used [0x00000000ff600000,0x00000000ff600000,0x00000000ffb00000)
 ParOldGen       total 87552K, used 0K [0x00000000f8000000, 0x00000000fd580000, 0x00000000fd580000)
  object space 87552K, 0% used [0x00000000f8000000,0x00000000f8000000,0x00000000fd580000)
 Metaspace       used 2256K, capacity 4480K, committed 4480K, reserved 1056768K
  class space    used 254K, capacity 384K, committed 384K, reserved 1048576K

Card table byte_map: [0x0000000062220000,0x0000000062270000] byte_map_base: 0x0000000061a60000

Marking Bits: (ParMarkBitMap*) 0x000000006e547fe0
 Begin Bits: [0x000000006c730000, 0x000000006c930000)
 End Bits:   [0x000000006c930000, 0x000000006cb30000)

Polling page: 0x00000000613d0000

CodeCache: size=245760Kb used=1110Kb max_used=1110Kb free=244649Kb
 bounds [0x000000007fff0000, 0x0000000080260000, 0x000000008eff0000]
 total_blobs=252 nmethods=28 adapters=138
 compilation: enabled

Compilation events (10 events):
Event: 11.209 Thread 0x000000006771a000   24       3       java.lang.reflect.Method::getParameterTypes (11 bytes)
Event: 11.209 Thread 0x000000006771a000 nmethod 24 0x0000000080102f10 code [0x0000000080103080, 0x0000000080103388]
Event: 168.235 Thread 0x000000006771a000   25       3       java.lang.String::<init> (82 bytes)
Event: 168.235 Thread 0x000000006771a000 nmethod 25 0x0000000080103450 code [0x0000000080103620, 0x0000000080103b18]
Event: 168.235 Thread 0x000000006771a000   26       3       java.util.Arrays::copyOfRange (63 bytes)
Event: 168.236 Thread 0x000000006771a000 nmethod 26 0x0000000080103d90 code [0x0000000080103fa0, 0x0000000080104ad8]
Event: 170.108 Thread 0x000000006771a000   27       3       java.lang.String::getChars (62 bytes)
Event: 170.108 Thread 0x000000006771a000 nmethod 27 0x0000000080105010 code [0x00000000801051c0, 0x00000000801055f8]
Event: 170.108 Thread 0x000000006771a000   28       3       java.lang.AbstractStringBuilder::ensureCapacityInternal (27 bytes)
Event: 170.108 Thread 0x000000006771a000 nmethod 28 0x0000000080105810 code [0x00000000801059a0, 0x0000000080105e18]

GC Heap History (0 events):
No events

Deoptimization events (0 events):
No events

Classes redefined (0 events):
No events

Internal exceptions (2 events):
Event: 0.020 Thread 0x00000000673ca800 Exception <a 'java/lang/NoSuchMethodError': Method sun.misc.Unsafe.defineClass(Ljava/lang/String;[BII)Ljava/lang/Class; name or signature does not match> (0x00000000fd587cc0) thrown at [C:\jenkins\workspace\8-2-build-windows-amd64-cygwin\jdk8u271\605\hots
Event: 0.020 Thread 0x00000000673ca800 Exception <a 'java/lang/NoSuchMethodError': Method sun.misc.Unsafe.prefetchRead(Ljava/lang/Object;J)V name or signature does not match> (0x00000000fd587fa8) thrown at [C:\jenkins\workspace\8-2-build-windows-amd64-cygwin\jdk8u271\605\hotspot\src\share\vm\p

Events (10 events):
Event: 168.235 loading class java/lang/IndexOutOfBoundsException
Event: 168.235 loading class java/lang/IndexOutOfBoundsException done
Event: 168.243 loading class java/lang/Throwable$WrappedPrintStream
Event: 168.243 loading class java/lang/Throwable$PrintStreamOrWriter
Event: 168.243 loading class java/lang/Throwable$PrintStreamOrWriter done
Event: 168.243 loading class java/lang/Throwable$WrappedPrintStream done
Event: 168.243 loading class java/util/IdentityHashMap
Event: 168.243 loading class java/util/IdentityHashMap done
Event: 168.243 loading class java/util/IdentityHashMap$KeySet
Event: 168.243 loading class java/util/IdentityHashMap$KeySet done


Dynamic libraries:
0x0000000000400000 - 0x0000000000432000 	C:\Users\Miguel Marcelino\AppData\Local\Programs\Julia-1.6.1\bin\julia.exe
0x00007ffc2a270000 - 0x00007ffc2a45d000 	C:\WINDOWS\SYSTEM32\ntdll.dll
0x00007ffc28280000 - 0x00007ffc28333000 	C:\WINDOWS\System32\KERNEL32.DLL
0x00007ffc26410000 - 0x00007ffc266a5000 	C:\WINDOWS\System32\KERNELBASE.dll
0x0000000068f80000 - 0x0000000068fb7000 	C:\Users\Miguel Marcelino\AppData\Local\Programs\Julia-1.6.1\bin\libjulia.dll
0x0000000061440000 - 0x0000000061569000 	C:\Users\Miguel Marcelino\AppData\Local\Programs\Julia-1.6.1\bin\libgcc_s_seh-1.dll
0x00007ffc277d0000 - 0x00007ffc2786e000 	C:\WINDOWS\System32\msvcrt.dll
0x0000000064940000 - 0x00000000649d8000 	C:\Users\Miguel Marcelino\AppData\Local\Programs\Julia-1.6.1\bin\libwinpthread-1.dll
0x0000000068740000 - 0x0000000068790000 	C:\Users\Miguel Marcelino\AppData\Local\Programs\Julia-1.6.1\bin\libopenlibm.dll
0x0000000002550000 - 0x000000000720a000 	C:\Users\Miguel Marcelino\AppData\Local\Programs\Julia-1.6.1\bin\libjulia-internal.dll
0x00007ffc29b60000 - 0x00007ffc29c03000 	C:\WINDOWS\System32\ADVAPI32.dll
0x0000000068ac0000 - 0x0000000068b1d000 	C:\Users\Miguel Marcelino\AppData\Local\Programs\Julia-1.6.1\bin\libssp-0.dll
0x00007ffc29e80000 - 0x00007ffc29f1e000 	C:\WINDOWS\System32\sechost.dll
0x000000006fc40000 - 0x00000000714f4000 	C:\Users\Miguel Marcelino\AppData\Local\Programs\Julia-1.6.1\bin\libstdc++-6.dll
0x00007ffc29c70000 - 0x00007ffc29d8f000 	C:\WINDOWS\System32\RPCRT4.dll
0x00007ffc29f30000 - 0x00007ffc29f38000 	C:\WINDOWS\System32\PSAPI.DLL
0x00007ffc2a0a0000 - 0x00007ffc2a237000 	C:\WINDOWS\System32\USER32.dll
0x00007ffc15640000 - 0x00007ffc1582d000 	C:\WINDOWS\SYSTEM32\dbghelp.dll
0x00007ffc267b0000 - 0x00007ffc267d0000 	C:\WINDOWS\System32\win32u.dll
0x00007ffc257c0000 - 0x00007ffc257fd000 	C:\WINDOWS\SYSTEM32\IPHLPAPI.DLL
0x00007ffc266b0000 - 0x00007ffc267aa000 	C:\WINDOWS\System32\ucrtbase.dll
0x00007ffc15310000 - 0x00007ffc1531c000 	C:\WINDOWS\SYSTEM32\Secur32.dll
0x00007ffc29930000 - 0x00007ffc29959000 	C:\WINDOWS\System32\GDI32.dll
0x00007ffc26880000 - 0x00007ffc26a1c000 	C:\WINDOWS\System32\gdi32full.dll
0x00007ffc26a20000 - 0x00007ffc26ac0000 	C:\WINDOWS\System32\msvcp_win.dll
0x00007ffc29d90000 - 0x00007ffc29dfd000 	C:\WINDOWS\System32\WS2_32.dll
0x00007ffc26160000 - 0x00007ffc26189000 	C:\WINDOWS\SYSTEM32\USERENV.dll
0x00007ffc22f20000 - 0x00007ffc22f44000 	C:\WINDOWS\SYSTEM32\WINMM.dll
0x00007ffc26260000 - 0x00007ffc26284000 	C:\WINDOWS\System32\profapi.dll
0x00007ffc22ef0000 - 0x00007ffc22f1d000 	C:\WINDOWS\SYSTEM32\winmmbase.dll
0x00007ffc26830000 - 0x00007ffc2687a000 	C:\WINDOWS\System32\cfgmgr32.dll
0x0000000007210000 - 0x000000000abc9000 	C:\Users\Miguel Marcelino\AppData\Local\Programs\Julia-1.6.1\bin\LLVM.dll
0x00007ffc29f40000 - 0x00007ffc2a096000 	C:\WINDOWS\System32\ole32.dll
0x00007ffc274a0000 - 0x00007ffc277cd000 	C:\WINDOWS\System32\combase.dll
0x00007ffc26ac0000 - 0x00007ffc26b3f000 	C:\WINDOWS\System32\bcryptPrimitives.dll
0x00007ffc28420000 - 0x00007ffc29919000 	C:\WINDOWS\System32\SHELL32.dll
0x00007ffc27d50000 - 0x00007ffc27df8000 	C:\WINDOWS\System32\shcore.dll
0x00007ffc26b40000 - 0x00007ffc2728b000 	C:\WINDOWS\System32\windows.storage.dll
0x00007ffc26290000 - 0x00007ffc262ed000 	C:\WINDOWS\System32\powrprof.dll
0x00007ffc27ac0000 - 0x00007ffc27b12000 	C:\WINDOWS\System32\shlwapi.dll
0x00007ffc262f0000 - 0x00007ffc26301000 	C:\WINDOWS\System32\kernel.appcore.dll
0x00007ffc27480000 - 0x00007ffc27497000 	C:\WINDOWS\System32\cryptsp.dll
0x00007ffc25c70000 - 0x00007ffc25c7c000 	C:\WINDOWS\SYSTEM32\CRYPTBASE.DLL
0x00007ffc26190000 - 0x00007ffc261bf000 	C:\WINDOWS\SYSTEM32\SSPICLI.DLL
0x00007ffc279e0000 - 0x00007ffc27a0e000 	C:\WINDOWS\System32\IMM32.DLL
0x00007ffc25630000 - 0x00007ffc25663000 	C:\WINDOWS\system32\rsaenh.dll
0x00007ffc26330000 - 0x00007ffc26356000 	C:\WINDOWS\System32\bcrypt.dll
0x00007ffc24760000 - 0x00007ffc247fc000 	C:\WINDOWS\system32\uxtheme.dll
0x00007ffc25aa0000 - 0x00007ffc25b07000 	C:\WINDOWS\system32\mswsock.dll
0x000000000e2f0000 - 0x0000000018ff5000 	C:\Users\Miguel Marcelino\AppData\Local\Programs\Julia-1.6.1\lib\julia\sys.dll
0x000000006c6c0000 - 0x000000006c72d000 	C:\Users\Miguel Marcelino\AppData\Local\Programs\Julia-1.6.1\bin\libatomic-1.dll
0x0000000064380000 - 0x0000000064438000 	C:\Users\Miguel Marcelino\AppData\Local\Programs\Julia-1.6.1\bin\libpcre2-8.DLL
0x000000006acc0000 - 0x000000006ad9d000 	C:\Users\Miguel Marcelino\AppData\Local\Programs\Julia-1.6.1\bin\libgmp.DLL
0x0000000063240000 - 0x000000006346f000 	C:\Users\Miguel Marcelino\AppData\Local\Programs\Julia-1.6.1\bin\libmpfr.DLL
0x000000001ed50000 - 0x000000001ee2d000 	C:\Users\Miguel Marcelino\AppData\Local\Programs\Julia-1.6.1\bin\libgmp-10.dll
0x000000001ee30000 - 0x0000000020a68000 	C:\Users\Miguel Marcelino\AppData\Local\Programs\Julia-1.6.1\bin\libopenblas64_.DLL
0x0000000065440000 - 0x0000000065f1e000 	C:\Users\Miguel Marcelino\AppData\Local\Programs\Julia-1.6.1\bin\libgfortran-5.dll
0x000000006cf00000 - 0x000000006d05e000 	C:\Users\Miguel Marcelino\AppData\Local\Programs\Julia-1.6.1\bin\libquadmath-0.dll
0x000000006ba00000 - 0x000000006bb22000 	C:\Users\Miguel Marcelino\AppData\Local\Programs\Julia-1.6.1\bin\libcholmod.DLL
0x0000000064600000 - 0x000000006462c000 	C:\Users\Miguel Marcelino\AppData\Local\Programs\Julia-1.6.1\bin\libcamd.dll
0x0000000066d40000 - 0x0000000066d64000 	C:\Users\Miguel Marcelino\AppData\Local\Programs\Julia-1.6.1\bin\libsuitesparseconfig.dll
0x0000000068540000 - 0x000000006856b000 	C:\Users\Miguel Marcelino\AppData\Local\Programs\Julia-1.6.1\bin\libamd.dll
0x0000000060ed0000 - 0x0000000060ef9000 	C:\Users\Miguel Marcelino\AppData\Local\Programs\Julia-1.6.1\bin\libcolamd.dll
0x0000000060f00000 - 0x0000000060f2d000 	C:\Users\Miguel Marcelino\AppData\Local\Programs\Julia-1.6.1\bin\libccolamd.dll
0x0000000062280000 - 0x00000000622a2000 	C:\Users\Miguel Marcelino\AppData\Local\Programs\Julia-1.6.1\bin\libsuitesparse_wrapper.DLL
0x000000006dc80000 - 0x000000006dd42000 	C:\Users\Miguel Marcelino\AppData\Local\Programs\Julia-1.6.1\bin\libnghttp2-14.dll
0x0000000060f30000 - 0x0000000060fc8000 	C:\Users\Miguel Marcelino\AppData\Local\Programs\Julia-1.6.1\bin\libcurl-4.dll
0x00007ffc27290000 - 0x00007ffc27473000 	C:\WINDOWS\System32\CRYPT32.dll
0x00007ffc26310000 - 0x00007ffc26322000 	C:\WINDOWS\System32\MSASN1.dll
0x000000006ea80000 - 0x000000006ead5000 	C:\Users\Miguel Marcelino\AppData\Local\Programs\Julia-1.6.1\bin\libssh2.dll
0x000000006e8c0000 - 0x000000006e8fa000 	C:\Users\Miguel Marcelino\AppData\Local\Programs\Julia-1.6.1\bin\libz.dll
0x000000006d840000 - 0x000000006d8d6000 	C:\Users\Miguel Marcelino\AppData\Local\Programs\Julia-1.6.1\bin\libmbedcrypto.dll
0x000000006dd50000 - 0x000000006e5bf000 	C:\Program Files\Java\jre1.8.0_271\bin\server\jvm.dll
0x00007ffc20b40000 - 0x00007ffc20b4a000 	C:\WINDOWS\SYSTEM32\VERSION.dll
0x00007ffc15bf0000 - 0x00007ffc15bf9000 	C:\WINDOWS\SYSTEM32\WSOCK32.dll
0x00007ffc19600000 - 0x00007ffc1961a000 	C:\WINDOWS\SYSTEM32\VCRUNTIME140.dll
0x00007ffc167c0000 - 0x00007ffc167d0000 	C:\Program Files\Java\jre1.8.0_271\bin\verify.dll
0x00007ffc16750000 - 0x00007ffc1677b000 	C:\Program Files\Java\jre1.8.0_271\bin\java.dll
0x00007ffc167a0000 - 0x00007ffc167b8000 	C:\Program Files\Java\jre1.8.0_271\bin\zip.dll

VM Arguments:
jvm_args: -Xmx128M 
java_command: <unknown>
java_class_path (initial): <not set>
Launcher Type: generic

Environment Variables:
JAVA_HOME=C:\Program Files\Java\jre1.8.0_271
PATH=C:\Program Files\Common Files\Oracle\Java\javapath;C:\Program Files (x86)\Common Files\Oracle\Java\javapath;C:\WINDOWS\system32;C:\WINDOWS;C:\WINDOWS\System32\Wbem;C:\WINDOWS\System32\WindowsPowerShell\v1.0\;C:\WINDOWS\System32\OpenSSH\;C:\Program Files\dotnet\;C:\Program Files\Microsoft SQL Server\130\Tools\Binn\;C:\Program Files\Git\cmd;C:\Users\Miguel Marcelino\AppData\Local\Microsoft\WindowsApps;C:\Users\Miguel Marcelino\AppData\Local\Programs\Microsoft VS Code\bin;C:\Users\Miguel Marcelino\.dotnet\tools;C:\Users\Miguel Marcelino\AppData\Local\GitHubDesktop\bin;C:\Users\Miguel Marcelino\AppData\Local\Programs\Julia-1.6.1\bin
USERNAME=Miguel Marcelino
OS=Windows_NT
PROCESSOR_IDENTIFIER=Intel64 Family 6 Model 60 Stepping 3, GenuineIntel



---------------  S Y S T E M  ---------------

OS: Windows 10.0 , 64 bit Build 17763 (10.0.17763.1879)

CPU:total 8 (initial active 8) (4 cores per cpu, 2 threads per core) family 6 model 60 stepping 3, cmov, cx8, fxsr, mmx, sse, sse2, sse3, ssse3, sse4.1, sse4.2, popcnt, avx, avx2, aes, clmul, erms, lzcnt, ht, tsc, tscinvbit, bmi1, bmi2

Memory: 4k page, physical 16706340k(9762696k free), swap 19196708k(7597052k free)

vm_info: Java HotSpot(TM) 64-Bit Server VM (25.271-b09) for windows-amd64 JRE (1.8.0_271-b09), built on Sep 16 2020 19:14:59 by "" with MS VC++ 15.9 (VS2017)

time: Thu Jun  3 15:39:45 2021
timezone: GMT Daylight Time
elapsed time: 1436.501510 seconds (0d 0h 23m 56s)

