#
# A fatal error has been detected by the Java Runtime Environment:
#
#  EXCEPTION_ACCESS_VIOLATION (0xc0000005) at pc=0x000000006a5ad476, pid=11324, tid=0x0000000000002ef0
#
# JRE version: Java(TM) SE Runtime Environment (8.0_271-b09) (build 1.8.0_271-b09)
# Java VM: Java HotSpot(TM) 64-Bit Server VM (25.271-b09 mixed mode windows-amd64 compressed oops)
# Problematic frame:
# V  [jvm.dll+0x21d476]
#
# Failed to write core dump. Minidumps are not enabled by default on client versions of Windows
#
# If you would like to submit a bug report, please visit:
#   http://bugreport.java.com/bugreport/crash.jsp
#

---------------  T H R E A D  ---------------

Current thread (0x0000000062bde000):  JavaThread "main" [_thread_in_Java, id=12016, stack(0x0000000061970000,0x0000000061d70000)]

siginfo: ExceptionCode=0xc0000005, reading address 0x0000090200000200

Registers:
RAX=0x0000000061d6dd08, RBX=0x0000000000000001, RCX=0x0000090200000201, RDX=0x0000090200000201
RSP=0x0000000061d6d9d0, RBP=0x0000000061d6db00, RSI=0x0000000000000001, RDI=0x0000000077d20bd0
R8 =0x00000000000dda00, R9 =0x0000000000000004, R10=0x0000000061f6ede0, R11=0x0000000077d20bd0
R12=0x0000000000000000, R13=0x0000000061d6de10, R14=0x0000000061d6dd00, R15=0x0000000000000002
RIP=0x000000006a5ad476, EFLAGS=0x0000000000010202

Top of Stack: (sp=0x0000000061d6d9d0)
0x0000000061d6d9d0:   0000000061d6db50 0000000000000007
0x0000000061d6d9e0:   0000000061d6da00 0000000061d6dd00
0x0000000061d6d9f0:   0000000000000001 000000006a5ac0c2
0x0000000061d6da00:   0000000062bde000 0000000061d6db00
0x0000000061d6da10:   0000000000000007 0000000077d20bd0
0x0000000061d6da20:   0000000062bde000 0000000068f95d30
0x0000000061d6da30:   0000000068f95d30 0000000000000001
0x0000000061d6da40:   0000000c61d6da01 0000000077d20bd0
0x0000000061d6da50:   0000000062bde000 0000000080003be0
0x0000000061d6da60:   0000000062bde000 0000000061f6ee50
0x0000000061d6da70:   0000000077d20bd0 00000000fd8b8310
0x0000000061d6da80:   0000000000000000 0000000000000000
0x0000000061d6da90:   0000000000000000 0000000061d6de10
0x0000000061d6daa0:   0000000061d6db30 0000000002742895
0x0000000061d6dab0:   00000000025416c0 0000000000000001
0x0000000061d6dac0:   0000000061d6db50 00000000027482a6 

Instructions: (pc=0x000000006a5ad476)
0x000000006a5ad456:   1a 00 48 8b c3 48 83 c4 20 5b c3 33 c0 48 83 c4
0x000000006a5ad466:   20 5b c3 cc cc cc cc cc cc cc 40 53 48 83 ec 20
0x000000006a5ad476:   48 8b 59 ff 48 85 db 74 11 80 3d 7d bb 5c 00 00
0x000000006a5ad486:   74 08 48 8b cb e8 f0 7f 1a 00 48 8b c3 48 83 c4 


Register to memory mapping:

RAX=0x0000000061d6dd08 is pointing into the stack for thread: 0x0000000062bde000
RBX=0x0000000000000001 is an unknown value
RCX=0x0000090200000201 is an unknown value
RDX=0x0000090200000201 is an unknown value
RSP=0x0000000061d6d9d0 is pointing into the stack for thread: 0x0000000062bde000
RBP=0x0000000061d6db00 is pointing into the stack for thread: 0x0000000062bde000
RSI=0x0000000000000001 is an unknown value
RDI={method} {0x0000000077d20bd8} 'getDeclaredAnnotationsByType' '(Ljava/lang/Class;)[Ljava/lang/annotation/Annotation;' in 'java/lang/Class'
R8 =0x00000000000dda00 is an unknown value
R9 =0x0000000000000004 is an unknown value
R10=0x0000000061f6ede0 is an unknown value
R11={method} {0x0000000077d20bd8} 'getDeclaredAnnotationsByType' '(Ljava/lang/Class;)[Ljava/lang/annotation/Annotation;' in 'java/lang/Class'
R12=0x0000000000000000 is an unknown value
R13=0x0000000061d6de10 is pointing into the stack for thread: 0x0000000062bde000
R14=0x0000000061d6dd00 is pointing into the stack for thread: 0x0000000062bde000
R15=0x0000000000000002 is an unknown value


Stack: [0x0000000061970000,0x0000000061d70000],  sp=0x0000000061d6d9d0,  free space=4086k
Native frames: (J=compiled Java code, j=interpreted, Vv=VM code, C=native code)
V  [jvm.dll+0x21d476]


---------------  P R O C E S S  ---------------

Java Threads: ( => current thread )
  0x00000000677a0000 JavaThread "Service Thread" daemon [_thread_blocked, id=11300, stack(0x000000007cd10000,0x000000007d510000)]
  0x0000000067716800 JavaThread "C1 CompilerThread3" daemon [_thread_blocked, id=7356, stack(0x000000007c510000,0x000000007cd10000)]
  0x0000000067710000 JavaThread "C2 CompilerThread2" daemon [_thread_blocked, id=11964, stack(0x000000007bd10000,0x000000007c510000)]
  0x000000006770d000 JavaThread "C2 CompilerThread1" daemon [_thread_blocked, id=6752, stack(0x000000007b510000,0x000000007bd10000)]
  0x000000006770a000 JavaThread "C2 CompilerThread0" daemon [_thread_blocked, id=11520, stack(0x000000007ad10000,0x000000007b510000)]
  0x0000000067708000 JavaThread "Attach Listener" daemon [_thread_blocked, id=8276, stack(0x000000007a510000,0x000000007ad10000)]
  0x0000000067705000 JavaThread "Signal Dispatcher" daemon [_thread_blocked, id=4872, stack(0x0000000079d10000,0x000000007a510000)]
  0x00000000676e6800 JavaThread "Finalizer" daemon [_thread_blocked, id=100, stack(0x0000000079510000,0x0000000079d10000)]
  0x00000000676bd800 JavaThread "Reference Handler" daemon [_thread_blocked, id=4888, stack(0x0000000078d10000,0x0000000079510000)]
=>0x0000000062bde000 JavaThread "main" [_thread_in_Java, id=12016, stack(0x0000000061970000,0x0000000061d70000)]

Other Threads:
  0x00000000676b6000 VMThread [stack: 0x0000000078510000,0x0000000078d10000] [id=1260]
  0x00000000677b4800 WatcherThread [stack: 0x000000007d510000,0x000000007dd10000] [id=8740]

VM state:not at safepoint (normal execution)

VM Mutex/Monitor currently owned by a thread: None

heap address: 0x00000000f8000000, size: 128 MB, Compressed Oops mode: 32-bit
Narrow klass base: 0x0000000000000000, Narrow klass shift: 3
Compressed class space size: 1073741824 Address: 0x0000000100000000

Heap:
 PSYoungGen      total 38400K, used 3328K [0x00000000fd580000, 0x0000000100000000, 0x0000000100000000)
  eden space 33280K, 10% used [0x00000000fd580000,0x00000000fd8c0088,0x00000000ff600000)
  from space 5120K, 0% used [0x00000000ffb00000,0x00000000ffb00000,0x0000000100000000)
  to   space 5120K, 0% used [0x00000000ff600000,0x00000000ff600000,0x00000000ffb00000)
 ParOldGen       total 87552K, used 0K [0x00000000f8000000, 0x00000000fd580000, 0x00000000fd580000)
  object space 87552K, 0% used [0x00000000f8000000,0x00000000f8000000,0x00000000fd580000)
 Metaspace       used 4154K, capacity 4706K, committed 4864K, reserved 1056768K
  class space    used 462K, capacity 509K, committed 512K, reserved 1048576K

Card table byte_map: [0x00000000613f0000,0x0000000061440000] byte_map_base: 0x0000000060c30000

Marking Bits: (ParMarkBitMap*) 0x000000006ab87fe0
 Begin Bits: [0x000000006c730000, 0x000000006c930000)
 End Bits:   [0x000000006c930000, 0x000000006cb30000)

Polling page: 0x00000000613c0000

CodeCache: size=245760Kb used=1615Kb max_used=1615Kb free=244144Kb
 bounds [0x000000007fff0000, 0x0000000080260000, 0x000000008eff0000]
 total_blobs=563 nmethods=290 adapters=186
 compilation: enabled

Compilation events (10 events):
Event: 5.878 Thread 0x0000000067716800  286       1       java.lang.Class$MethodArray::get (7 bytes)
Event: 5.879 Thread 0x0000000067716800 nmethod 286 0x0000000080181b10 code [0x0000000080181c60, 0x0000000080181d90]
Event: 5.879 Thread 0x0000000067716800  287       3       java.lang.Class$MethodArray::removeByNameAndDescriptor (42 bytes)
Event: 5.879 Thread 0x0000000067716800 nmethod 287 0x0000000080181e50 code [0x0000000080181fe0, 0x0000000080182318]
Event: 101.511 Thread 0x0000000067716800  288       3       java.lang.Class$MethodArray::add (72 bytes)
Event: 101.512 Thread 0x0000000067716800 nmethod 288 0x0000000080182690 code [0x0000000080182840, 0x0000000080183178]
Event: 101.512 Thread 0x0000000067716800  289       3       java.util.Arrays::copyOf (46 bytes)
Event: 101.512 Thread 0x0000000067716800 nmethod 289 0x0000000080183410 code [0x00000000801835c0, 0x0000000080183c68]
Event: 101.512 Thread 0x0000000067716800  290       3       sun.reflect.ReflectionFactory::langReflectAccess (15 bytes)
Event: 101.512 Thread 0x0000000067716800 nmethod 290 0x0000000080183e50 code [0x0000000080183fc0, 0x00000000801841d0]

GC Heap History (0 events):
No events

Deoptimization events (1 events):
Event: 5.599 Thread 0x0000000062bde000 Uncommon trap: reason=unstable_if action=reinterpret pc=0x00000000801152f8 method=java.lang.String.hashCode()I @ 14

Classes redefined (0 events):
No events

Internal exceptions (8 events):
Event: 0.020 Thread 0x0000000062bde000 Exception <a 'java/lang/NoSuchMethodError': Method sun.misc.Unsafe.defineClass(Ljava/lang/String;[BII)Ljava/lang/Class; name or signature does not match> (0x00000000fd587cc0) thrown at [C:\jenkins\workspace\8-2-build-windows-amd64-cygwin\jdk8u271\605\hots
Event: 0.020 Thread 0x0000000062bde000 Exception <a 'java/lang/NoSuchMethodError': Method sun.misc.Unsafe.prefetchRead(Ljava/lang/Object;J)V name or signature does not match> (0x00000000fd587fa8) thrown at [C:\jenkins\workspace\8-2-build-windows-amd64-cygwin\jdk8u271\605\hotspot\src\share\vm\p
Event: 5.591 Thread 0x0000000062bde000 Exception <a 'java/security/PrivilegedActionException'> (0x00000000fd716b18) thrown at [C:\jenkins\workspace\8-2-build-windows-amd64-cygwin\jdk8u271\605\hotspot\src\share\vm\prims\jvm.cpp, line 1512]
Event: 5.591 Thread 0x0000000062bde000 Exception <a 'java/security/PrivilegedActionException'> (0x00000000fd716d28) thrown at [C:\jenkins\workspace\8-2-build-windows-amd64-cygwin\jdk8u271\605\hotspot\src\share\vm\prims\jvm.cpp, line 1512]
Event: 5.591 Thread 0x0000000062bde000 Exception <a 'java/security/PrivilegedActionException'> (0x00000000fd71ab80) thrown at [C:\jenkins\workspace\8-2-build-windows-amd64-cygwin\jdk8u271\605\hotspot\src\share\vm\prims\jvm.cpp, line 1512]
Event: 5.591 Thread 0x0000000062bde000 Exception <a 'java/security/PrivilegedActionException'> (0x00000000fd71ad90) thrown at [C:\jenkins\workspace\8-2-build-windows-amd64-cygwin\jdk8u271\605\hotspot\src\share\vm\prims\jvm.cpp, line 1512]
Event: 5.616 Thread 0x0000000062bde000 Exception <a 'java/lang/NoSuchFieldError': method resolution failed> (0x00000000fd7fe910) thrown at [C:\jenkins\workspace\8-2-build-windows-amd64-cygwin\jdk8u271\605\hotspot\src\share\vm\prims\methodHandles.cpp, line 1169]
Event: 5.618 Thread 0x0000000062bde000 Exception <a 'java/lang/NoSuchFieldError': method resolution failed> (0x00000000fd80bd10) thrown at [C:\jenkins\workspace\8-2-build-windows-amd64-cygwin\jdk8u271\605\hotspot\src\share\vm\prims\methodHandles.cpp, line 1169]

Events (10 events):
Event: 5.629 loading class java/util/LinkedHashMap$LinkedKeySet
Event: 5.629 loading class java/util/LinkedHashMap$LinkedKeySet done
Event: 5.629 loading class java/util/LinkedHashMap$LinkedKeyIterator
Event: 5.629 loading class java/util/LinkedHashMap$LinkedKeyIterator done
Event: 5.629 loading class java/lang/invoke/InnerClassLambdaMetafactory$1
Event: 5.629 loading class java/lang/invoke/InnerClassLambdaMetafactory$1 done
Event: 5.630 loading class java/time/zone/ZoneOffsetTransitionRule$1
Event: 5.630 loading class java/time/zone/ZoneOffsetTransitionRule$1 done
Event: 101.510 loading class java/util/Date
Event: 101.510 loading class java/util/Date done


Dynamic libraries:
0x0000000000400000 - 0x0000000000432000 	C:\Users\Miguel Marcelino\AppData\Local\Programs\Julia-1.6.1\bin\julia.exe
0x00007fff737e0000 - 0x00007fff739cd000 	C:\WINDOWS\SYSTEM32\ntdll.dll
0x00007fff70a20000 - 0x00007fff70ad3000 	C:\WINDOWS\System32\KERNEL32.DLL
0x00007fff703f0000 - 0x00007fff70685000 	C:\WINDOWS\System32\KERNELBASE.dll
0x0000000068f80000 - 0x0000000068fb7000 	C:\Users\Miguel Marcelino\AppData\Local\Programs\Julia-1.6.1\bin\libjulia.dll
0x0000000061440000 - 0x0000000061569000 	C:\Users\Miguel Marcelino\AppData\Local\Programs\Julia-1.6.1\bin\libgcc_s_seh-1.dll
0x00007fff734a0000 - 0x00007fff7353e000 	C:\WINDOWS\System32\msvcrt.dll
0x0000000064940000 - 0x00000000649d8000 	C:\Users\Miguel Marcelino\AppData\Local\Programs\Julia-1.6.1\bin\libwinpthread-1.dll
0x0000000068740000 - 0x0000000068790000 	C:\Users\Miguel Marcelino\AppData\Local\Programs\Julia-1.6.1\bin\libopenlibm.dll
0x00000000026e0000 - 0x000000000739a000 	C:\Users\Miguel Marcelino\AppData\Local\Programs\Julia-1.6.1\bin\libjulia-internal.dll
0x00007fff72aa0000 - 0x00007fff72b43000 	C:\WINDOWS\System32\ADVAPI32.dll
0x000000006fc40000 - 0x00000000714f4000 	C:\Users\Miguel Marcelino\AppData\Local\Programs\Julia-1.6.1\bin\libstdc++-6.dll
0x00007fff70ce0000 - 0x00007fff70d7e000 	C:\WINDOWS\System32\sechost.dll
0x0000000068ac0000 - 0x0000000068b1d000 	C:\Users\Miguel Marcelino\AppData\Local\Programs\Julia-1.6.1\bin\libssp-0.dll
0x00007fff72c80000 - 0x00007fff72d9f000 	C:\WINDOWS\System32\RPCRT4.dll
0x00007fff70c50000 - 0x00007fff70c58000 	C:\WINDOWS\System32\PSAPI.DLL
0x00007fff711e0000 - 0x00007fff71377000 	C:\WINDOWS\System32\USER32.dll
0x00007fff708d0000 - 0x00007fff708f0000 	C:\WINDOWS\System32\win32u.dll
0x00007fff714e0000 - 0x00007fff71509000 	C:\WINDOWS\System32\GDI32.dll
0x00007fff6f8a0000 - 0x00007fff6fa3c000 	C:\WINDOWS\System32\gdi32full.dll
0x00007fff6ed30000 - 0x00007fff6ed6d000 	C:\WINDOWS\SYSTEM32\IPHLPAPI.DLL
0x00007fff5e4a0000 - 0x00007fff5e68d000 	C:\WINDOWS\SYSTEM32\dbghelp.dll
0x00007fff70970000 - 0x00007fff70a10000 	C:\WINDOWS\System32\msvcp_win.dll
0x00007fff707d0000 - 0x00007fff708ca000 	C:\WINDOWS\System32\ucrtbase.dll
0x00007fff72a10000 - 0x00007fff72a7d000 	C:\WINDOWS\System32\WS2_32.dll
0x00007fff5af10000 - 0x00007fff5af1c000 	C:\WINDOWS\SYSTEM32\Secur32.dll
0x00007fff6f6d0000 - 0x00007fff6f6f9000 	C:\WINDOWS\SYSTEM32\USERENV.dll
0x00007fff6d900000 - 0x00007fff6d924000 	C:\WINDOWS\SYSTEM32\WINMM.dll
0x00007fff6f870000 - 0x00007fff6f894000 	C:\WINDOWS\System32\profapi.dll
0x00007fff6d8d0000 - 0x00007fff6d8fd000 	C:\WINDOWS\SYSTEM32\winmmbase.dll
0x00007fff70380000 - 0x00007fff703ca000 	C:\WINDOWS\System32\cfgmgr32.dll
0x00000000073a0000 - 0x000000000ad59000 	C:\Users\Miguel Marcelino\AppData\Local\Programs\Julia-1.6.1\bin\LLVM.dll
0x00007fff71380000 - 0x00007fff714d6000 	C:\WINDOWS\System32\ole32.dll
0x00007fff70d80000 - 0x00007fff710ad000 	C:\WINDOWS\System32\combase.dll
0x00007fff708f0000 - 0x00007fff7096f000 	C:\WINDOWS\System32\bcryptPrimitives.dll
0x00007fff71510000 - 0x00007fff72a09000 	C:\WINDOWS\System32\SHELL32.dll
0x00007fff72b50000 - 0x00007fff72bf8000 	C:\WINDOWS\System32\shcore.dll
0x00007fff6fa40000 - 0x00007fff7018b000 	C:\WINDOWS\System32\windows.storage.dll
0x00007fff6f7d0000 - 0x00007fff6f82d000 	C:\WINDOWS\System32\powrprof.dll
0x00007fff73650000 - 0x00007fff736a2000 	C:\WINDOWS\System32\shlwapi.dll
0x00007fff6f830000 - 0x00007fff6f841000 	C:\WINDOWS\System32\kernel.appcore.dll
0x00007fff703d0000 - 0x00007fff703e7000 	C:\WINDOWS\System32\cryptsp.dll
0x00007fff6f1e0000 - 0x00007fff6f1ec000 	C:\WINDOWS\SYSTEM32\CRYPTBASE.DLL
0x00007fff6f700000 - 0x00007fff6f72f000 	C:\WINDOWS\SYSTEM32\SSPICLI.DLL
0x00007fff73780000 - 0x00007fff737ae000 	C:\WINDOWS\System32\IMM32.DLL
0x00007fff6eba0000 - 0x00007fff6ebd3000 	C:\WINDOWS\system32\rsaenh.dll
0x00007fff707a0000 - 0x00007fff707c6000 	C:\WINDOWS\System32\bcrypt.dll
0x00007fff6dcd0000 - 0x00007fff6dd6c000 	C:\WINDOWS\system32\uxtheme.dll
0x00007fff6f010000 - 0x00007fff6f077000 	C:\WINDOWS\system32\mswsock.dll
0x000000000e430000 - 0x0000000019135000 	C:\Users\Miguel Marcelino\AppData\Local\Programs\Julia-1.6.1\lib\julia\sys.dll
0x000000006c6c0000 - 0x000000006c72d000 	C:\Users\Miguel Marcelino\AppData\Local\Programs\Julia-1.6.1\bin\libatomic-1.dll
0x0000000064380000 - 0x0000000064438000 	C:\Users\Miguel Marcelino\AppData\Local\Programs\Julia-1.6.1\bin\libpcre2-8.DLL
0x000000006acc0000 - 0x000000006ad9d000 	C:\Users\Miguel Marcelino\AppData\Local\Programs\Julia-1.6.1\bin\libgmp.DLL
0x0000000063240000 - 0x000000006346f000 	C:\Users\Miguel Marcelino\AppData\Local\Programs\Julia-1.6.1\bin\libmpfr.DLL
0x000000000c940000 - 0x000000000ca1d000 	C:\Users\Miguel Marcelino\AppData\Local\Programs\Julia-1.6.1\bin\libgmp-10.dll
0x000000001ee80000 - 0x0000000020ab8000 	C:\Users\Miguel Marcelino\AppData\Local\Programs\Julia-1.6.1\bin\libopenblas64_.DLL
0x0000000065440000 - 0x0000000065f1e000 	C:\Users\Miguel Marcelino\AppData\Local\Programs\Julia-1.6.1\bin\libgfortran-5.dll
0x000000006cf00000 - 0x000000006d05e000 	C:\Users\Miguel Marcelino\AppData\Local\Programs\Julia-1.6.1\bin\libquadmath-0.dll
0x000000006ba00000 - 0x000000006bb22000 	C:\Users\Miguel Marcelino\AppData\Local\Programs\Julia-1.6.1\bin\libcholmod.DLL
0x0000000064600000 - 0x000000006462c000 	C:\Users\Miguel Marcelino\AppData\Local\Programs\Julia-1.6.1\bin\libcamd.dll
0x0000000066d40000 - 0x0000000066d64000 	C:\Users\Miguel Marcelino\AppData\Local\Programs\Julia-1.6.1\bin\libsuitesparseconfig.dll
0x0000000068540000 - 0x000000006856b000 	C:\Users\Miguel Marcelino\AppData\Local\Programs\Julia-1.6.1\bin\libamd.dll
0x0000000002660000 - 0x0000000002689000 	C:\Users\Miguel Marcelino\AppData\Local\Programs\Julia-1.6.1\bin\libcolamd.dll
0x0000000002690000 - 0x00000000026bd000 	C:\Users\Miguel Marcelino\AppData\Local\Programs\Julia-1.6.1\bin\libccolamd.dll
0x0000000062280000 - 0x00000000622a2000 	C:\Users\Miguel Marcelino\AppData\Local\Programs\Julia-1.6.1\bin\libsuitesparse_wrapper.DLL
0x000000006dc80000 - 0x000000006dd42000 	C:\Users\Miguel Marcelino\AppData\Local\Programs\Julia-1.6.1\bin\libnghttp2-14.dll
0x0000000060f20000 - 0x0000000060fb8000 	C:\Users\Miguel Marcelino\AppData\Local\Programs\Julia-1.6.1\bin\libcurl-4.dll
0x00007fff70190000 - 0x00007fff70373000 	C:\WINDOWS\System32\CRYPT32.dll
0x00007fff6f850000 - 0x00007fff6f862000 	C:\WINDOWS\System32\MSASN1.dll
0x000000006ea80000 - 0x000000006ead5000 	C:\Users\Miguel Marcelino\AppData\Local\Programs\Julia-1.6.1\bin\libssh2.dll
0x000000006e8c0000 - 0x000000006e8fa000 	C:\Users\Miguel Marcelino\AppData\Local\Programs\Julia-1.6.1\bin\libz.dll
0x000000006d840000 - 0x000000006d8d6000 	C:\Users\Miguel Marcelino\AppData\Local\Programs\Julia-1.6.1\bin\libmbedcrypto.dll
0x000000006a390000 - 0x000000006abff000 	C:\Program Files\Java\jre1.8.0_271\bin\server\jvm.dll
0x00007fff5f200000 - 0x00007fff5f21a000 	C:\WINDOWS\SYSTEM32\VCRUNTIME140.dll
0x00007fff5eb30000 - 0x00007fff5eb39000 	C:\WINDOWS\SYSTEM32\WSOCK32.dll
0x00007fff6a760000 - 0x00007fff6a76a000 	C:\WINDOWS\SYSTEM32\VERSION.dll
0x00007fff6c020000 - 0x00007fff6c030000 	C:\Program Files\Java\jre1.8.0_271\bin\verify.dll
0x00007fff58c10000 - 0x00007fff58c3b000 	C:\Program Files\Java\jre1.8.0_271\bin\java.dll
0x00007fff59190000 - 0x00007fff591a8000 	C:\Program Files\Java\jre1.8.0_271\bin\zip.dll

VM Arguments:
jvm_args: -Xmx128M 
java_command: <unknown>
java_class_path (initial): <not set>
Launcher Type: generic

Environment Variables:
JAVA_HOME=C:\Program Files\Java\jre1.8.0_271
PATH=C:\Program Files\Common Files\Oracle\Java\javapath;C:\Program Files (x86)\Common Files\Oracle\Java\javapath;C:\WINDOWS\system32;C:\WINDOWS;C:\WINDOWS\System32\Wbem;C:\WINDOWS\System32\WindowsPowerShell\v1.0\;C:\WINDOWS\System32\OpenSSH\;C:\Program Files\dotnet\;C:\Program Files\Microsoft SQL Server\130\Tools\Binn\;C:\Program Files\Git\cmd;C:\Users\Miguel Marcelino\AppData\Local\Microsoft\WindowsApps;C:\Users\Miguel Marcelino\AppData\Local\Programs\Microsoft VS Code\bin;C:\Users\Miguel Marcelino\.dotnet\tools;C:\Users\Miguel Marcelino\AppData\Local\GitHubDesktop\bin;C:\Users\Miguel Marcelino\AppData\Local\Programs\Julia-1.6.1\bin
USERNAME=Miguel Marcelino
OS=Windows_NT
PROCESSOR_IDENTIFIER=Intel64 Family 6 Model 60 Stepping 3, GenuineIntel



---------------  S Y S T E M  ---------------

OS: Windows 10.0 , 64 bit Build 17763 (10.0.17763.1879)

CPU:total 8 (initial active 8) (4 cores per cpu, 2 threads per core) family 6 model 60 stepping 3, cmov, cx8, fxsr, mmx, sse, sse2, sse3, ssse3, sse4.1, sse4.2, popcnt, avx, avx2, aes, clmul, erms, lzcnt, ht, tsc, tscinvbit, bmi1, bmi2

Memory: 4k page, physical 16706340k(10550868k free), swap 19196708k(8830936k free)

vm_info: Java HotSpot(TM) 64-Bit Server VM (25.271-b09) for windows-amd64 JRE (1.8.0_271-b09), built on Sep 16 2020 19:14:59 by "" with MS VC++ 15.9 (VS2017)

time: Wed Jun  2 16:15:37 2021
timezone: GMT Daylight Time
elapsed time: 114.576022 seconds (0d 0h 1m 54s)

