#
# A fatal error has been detected by the Java Runtime Environment:
#
#  EXCEPTION_ACCESS_VIOLATION (0xc0000005) at pc=0x000000006a1ac0cf, pid=2992, tid=0x0000000000000dd8
#
# JRE version: Java(TM) SE Runtime Environment (8.0_271-b09) (build 1.8.0_271-b09)
# Java VM: Java HotSpot(TM) 64-Bit Server VM (25.271-b09 mixed mode windows-amd64 compressed oops)
# Problematic frame:
# V  [jvm.dll+0x21c0cf]
#
# Failed to write core dump. Minidumps are not enabled by default on client versions of Windows
#
# If you would like to submit a bug report, please visit:
#   http://bugreport.java.com/bugreport/crash.jsp
#

---------------  T H R E A D  ---------------

Current thread (0x00000000673ca000):  JavaThread "main" [_thread_in_Java, id=3544, stack(0x0000000061970000,0x0000000061d70000)]

siginfo: ExceptionCode=0xc0000005, reading address 0x0000000000000004

Registers:
RAX=0x0000000061d6bb78, RBX=0x0000000000000002, RCX=0x0000000000000000, RDX=0x0000000000000004
RSP=0x0000000061d6b870, RBP=0x0000000061d6b970, RSI=0x0000000000000002, RDI=0x0000000077dd9fd0
R8 =0x0000000000d5cc20, R9 =0x0000000000000004, R10=0x000000000c921730, R11=0x0000000077dd9fd0
R12=0x0000000000000000, R13=0x0000000061d6bc80, R14=0x0000000061d6bb70, R15=0x0000000000000003
RIP=0x000000006a1ac0cf, EFLAGS=0x0000000000010246

Top of Stack: (sp=0x0000000061d6b870)
0x0000000061d6b870:   00000000673ca000 0000000061d6b970
0x0000000061d6b880:   0000000000000007 0000000077dd9fd0
0x0000000061d6b890:   00000000673ca000 000000000f6561f0
0x0000000061d6b8a0:   0000000061d6b930 00000000027173a6
0x0000000061d6b8b0:   0000000a0f4e0600 0000000077dd9fd0
0x0000000061d6b8c0:   00000000673ca000 0000000080003be0
0x0000000061d6b8d0:   00000000673ca000 00000000673ca620
0x0000000061d6b8e0:   0000000077dd9fd0 00000000fd905ca8
0x0000000061d6b8f0:   0000000000000000 0000000000000000
0x0000000061d6b900:   0000000000000000 0000000061d6bc80
0x0000000061d6b910:   0000000061d6b9a0 0000000002715f24
0x0000000061d6b920:   000000000ff21ac0 0000000068f96380
0x0000000061d6b930:   000000000f656230 0000000000000010
0x0000000061d6b940:   000000000000000c 000000000f655370
0x0000000061d6b950:   000000000c92fbd8 0000000061d6b978
0x0000000061d6b960:   0000000061d6b980 0000000061d6bae8 

Instructions: (pc=0x000000006a1ac0cf)
0x000000006a1ac0af:   cc 48 85 d2 74 1d f6 c2 01 74 15 48 8b ca e8 ae
0x000000006a1ac0bf:   13 00 00 48 8b c8 eb 0b 49 8b cc 48 85 d2 74 03
0x000000006a1ac0cf:   48 8b 0a 49 8b 46 58 48 89 0c d8 49 8b 46 60 c6
0x000000006a1ac0df:   04 03 01 ff c6 48 ff c3 41 3b 76 68 7c 87 48 8b 


Register to memory mapping:

RAX=0x0000000061d6bb78 is pointing into the stack for thread: 0x00000000673ca000
RBX=0x0000000000000002 is an unknown value
RCX=0x0000000000000000 is an unknown value
RDX=0x0000000000000004 is an unknown value
RSP=0x0000000061d6b870 is pointing into the stack for thread: 0x00000000673ca000
RBP=0x0000000061d6b970 is pointing into the stack for thread: 0x00000000673ca000
RSI=0x0000000000000002 is an unknown value
RDI={method} {0x0000000077dd9fd8} 'add' '(ILjava/lang/Object;)V' in 'java/util/ArrayList'
R8 =0x0000000000d5cc20 is an unknown value
R9 =0x0000000000000004 is an unknown value
R10=0x000000000c921730 is an unknown value
R11={method} {0x0000000077dd9fd8} 'add' '(ILjava/lang/Object;)V' in 'java/util/ArrayList'
R12=0x0000000000000000 is an unknown value
R13=0x0000000061d6bc80 is pointing into the stack for thread: 0x00000000673ca000
R14=0x0000000061d6bb70 is pointing into the stack for thread: 0x00000000673ca000
R15=0x0000000000000003 is an unknown value


Stack: [0x0000000061970000,0x0000000061d70000],  sp=0x0000000061d6b870,  free space=4078k
Native frames: (J=compiled Java code, j=interpreted, Vv=VM code, C=native code)
V  [jvm.dll+0x21c0cf]


---------------  P R O C E S S  ---------------

Java Threads: ( => current thread )
  0x000000006779e000 JavaThread "Service Thread" daemon [_thread_blocked, id=12368, stack(0x000000007cd10000,0x000000007d510000)]
  0x000000006771d800 JavaThread "C1 CompilerThread3" daemon [_thread_blocked, id=8464, stack(0x000000007c510000,0x000000007cd10000)]
  0x000000006770e800 JavaThread "C2 CompilerThread2" daemon [_thread_blocked, id=10300, stack(0x000000007bd10000,0x000000007c510000)]
  0x0000000067708800 JavaThread "C2 CompilerThread1" daemon [_thread_blocked, id=3008, stack(0x000000007b510000,0x000000007bd10000)]
  0x0000000067704800 JavaThread "C2 CompilerThread0" daemon [_thread_blocked, id=9520, stack(0x000000007ad10000,0x000000007b510000)]
  0x0000000067703000 JavaThread "Attach Listener" daemon [_thread_blocked, id=3624, stack(0x000000007a510000,0x000000007ad10000)]
  0x0000000067701000 JavaThread "Signal Dispatcher" daemon [_thread_blocked, id=9628, stack(0x0000000079d10000,0x000000007a510000)]
  0x00000000676ec000 JavaThread "Finalizer" daemon [_thread_blocked, id=9668, stack(0x0000000079510000,0x0000000079d10000)]
  0x00000000676bb800 JavaThread "Reference Handler" daemon [_thread_blocked, id=3700, stack(0x0000000078d10000,0x0000000079510000)]
=>0x00000000673ca000 JavaThread "main" [_thread_in_Java, id=3544, stack(0x0000000061970000,0x0000000061d70000)]

Other Threads:
  0x00000000676b3000 VMThread [stack: 0x0000000078510000,0x0000000078d10000] [id=12472]
  0x00000000677be800 WatcherThread [stack: 0x000000007d510000,0x000000007dd10000] [id=10736]

VM state:not at safepoint (normal execution)

VM Mutex/Monitor currently owned by a thread: None

heap address: 0x00000000f8000000, size: 128 MB, Compressed Oops mode: 32-bit
Narrow klass base: 0x0000000000000000, Narrow klass shift: 3
Compressed class space size: 1073741824 Address: 0x0000000100000000

Heap:
 PSYoungGen      total 38400K, used 3993K [0x00000000fd580000, 0x0000000100000000, 0x0000000100000000)
  eden space 33280K, 12% used [0x00000000fd580000,0x00000000fd966760,0x00000000ff600000)
  from space 5120K, 0% used [0x00000000ffb00000,0x00000000ffb00000,0x0000000100000000)
  to   space 5120K, 0% used [0x00000000ff600000,0x00000000ff600000,0x00000000ffb00000)
 ParOldGen       total 87552K, used 0K [0x00000000f8000000, 0x00000000fd580000, 0x00000000fd580000)
  object space 87552K, 0% used [0x00000000f8000000,0x00000000f8000000,0x00000000fd580000)
 Metaspace       used 4566K, capacity 4770K, committed 4992K, reserved 1056768K
  class space    used 510K, capacity 573K, committed 640K, reserved 1048576K

Card table byte_map: [0x0000000062220000,0x0000000062270000] byte_map_base: 0x0000000061a60000

Marking Bits: (ParMarkBitMap*) 0x000000006a787fe0
 Begin Bits: [0x000000006b5a0000, 0x000000006b7a0000)
 End Bits:   [0x000000006b7a0000, 0x000000006b9a0000)

Polling page: 0x0000000000ce0000

CodeCache: size=245760Kb used=1637Kb max_used=1638Kb free=244122Kb
 bounds [0x000000007fff0000, 0x0000000080260000, 0x000000008eff0000]
 total_blobs=580 nmethods=306 adapters=187
 compilation: enabled

Compilation events (10 events):
Event: 299.599 Thread 0x000000006771d800  301       3       java.lang.Class::getEnclosingMethodInfo (21 bytes)
Event: 299.599 Thread 0x000000006771d800 nmethod 301 0x0000000080188490 code [0x0000000080188620, 0x0000000080188878]
Event: 307.112 Thread 0x000000006771d800  303       3       java.lang.ref.SoftReference::<init> (13 bytes)
Event: 307.112 Thread 0x000000006771d800 nmethod 303 0x0000000080187f10 code [0x0000000080188080, 0x0000000080188370]
Event: 307.112 Thread 0x000000006771d800  304       3       java.lang.Class$MethodArray::addIfNotPresent (47 bytes)
Event: 307.113 Thread 0x000000006771d800 nmethod 304 0x00000000801877d0 code [0x0000000080187960, 0x0000000080187d78]
Event: 307.113 Thread 0x000000006771d800  305       3       java.lang.reflect.Method::<init> (68 bytes)
Event: 307.113 Thread 0x000000006771d800 nmethod 305 0x0000000080187190 code [0x0000000080187300, 0x0000000080187650]
Event: 307.113 Thread 0x000000006771d800  306       3       java.lang.reflect.Method::copy (84 bytes)
Event: 307.113 Thread 0x000000006771d800 nmethod 306 0x0000000080186b50 code [0x0000000080186ce0, 0x0000000080187098]

GC Heap History (0 events):
No events

Deoptimization events (1 events):
Event: 5.737 Thread 0x00000000673ca000 Uncommon trap: reason=unstable_if action=reinterpret pc=0x000000008011d060 method=java.lang.String.hashCode()I @ 14

Classes redefined (0 events):
No events

Internal exceptions (8 events):
Event: 0.028 Thread 0x00000000673ca000 Exception <a 'java/lang/NoSuchMethodError': Method sun.misc.Unsafe.defineClass(Ljava/lang/String;[BII)Ljava/lang/Class; name or signature does not match> (0x00000000fd587cc0) thrown at [C:\jenkins\workspace\8-2-build-windows-amd64-cygwin\jdk8u271\605\hots
Event: 0.028 Thread 0x00000000673ca000 Exception <a 'java/lang/NoSuchMethodError': Method sun.misc.Unsafe.prefetchRead(Ljava/lang/Object;J)V name or signature does not match> (0x00000000fd587fa8) thrown at [C:\jenkins\workspace\8-2-build-windows-amd64-cygwin\jdk8u271\605\hotspot\src\share\vm\p
Event: 5.730 Thread 0x00000000673ca000 Exception <a 'java/security/PrivilegedActionException'> (0x00000000fd716b70) thrown at [C:\jenkins\workspace\8-2-build-windows-amd64-cygwin\jdk8u271\605\hotspot\src\share\vm\prims\jvm.cpp, line 1512]
Event: 5.730 Thread 0x00000000673ca000 Exception <a 'java/security/PrivilegedActionException'> (0x00000000fd716d80) thrown at [C:\jenkins\workspace\8-2-build-windows-amd64-cygwin\jdk8u271\605\hotspot\src\share\vm\prims\jvm.cpp, line 1512]
Event: 5.730 Thread 0x00000000673ca000 Exception <a 'java/security/PrivilegedActionException'> (0x00000000fd71abd8) thrown at [C:\jenkins\workspace\8-2-build-windows-amd64-cygwin\jdk8u271\605\hotspot\src\share\vm\prims\jvm.cpp, line 1512]
Event: 5.730 Thread 0x00000000673ca000 Exception <a 'java/security/PrivilegedActionException'> (0x00000000fd71ade8) thrown at [C:\jenkins\workspace\8-2-build-windows-amd64-cygwin\jdk8u271\605\hotspot\src\share\vm\prims\jvm.cpp, line 1512]
Event: 5.754 Thread 0x00000000673ca000 Exception <a 'java/lang/NoSuchFieldError': method resolution failed> (0x00000000fd7fe968) thrown at [C:\jenkins\workspace\8-2-build-windows-amd64-cygwin\jdk8u271\605\hotspot\src\share\vm\prims\methodHandles.cpp, line 1169]
Event: 5.755 Thread 0x00000000673ca000 Exception <a 'java/lang/NoSuchFieldError': method resolution failed> (0x00000000fd80bd68) thrown at [C:\jenkins\workspace\8-2-build-windows-amd64-cygwin\jdk8u271\605\hotspot\src\share\vm\prims\methodHandles.cpp, line 1169]

Events (10 events):
Event: 19.398 loading class java/util/IdentityHashMap
Event: 19.398 loading class java/util/IdentityHashMap done
Event: 19.398 loading class java/util/IdentityHashMap$KeySet
Event: 19.398 loading class java/util/IdentityHashMap$KeySet done
Event: 307.112 loading class java/io/UnsupportedEncodingException
Event: 307.112 loading class java/io/UnsupportedEncodingException done
Event: 307.112 loading class java/util/stream/IntStream
Event: 307.112 loading class java/util/stream/IntStream done
Event: 381.363 loading class java/lang/NumberFormatException
Event: 381.363 loading class java/lang/NumberFormatException done


Dynamic libraries:
0x0000000000400000 - 0x0000000000432000 	C:\Users\Miguel Marcelino\AppData\Local\Programs\Julia-1.6.1\bin\julia.exe
0x00007ffc2a270000 - 0x00007ffc2a45d000 	C:\WINDOWS\SYSTEM32\ntdll.dll
0x00007ffc28280000 - 0x00007ffc28333000 	C:\WINDOWS\System32\KERNEL32.DLL
0x00007ffc26410000 - 0x00007ffc266a5000 	C:\WINDOWS\System32\KERNELBASE.dll
0x0000000068f80000 - 0x0000000068fb7000 	C:\Users\Miguel Marcelino\AppData\Local\Programs\Julia-1.6.1\bin\libjulia.dll
0x0000000061440000 - 0x0000000061569000 	C:\Users\Miguel Marcelino\AppData\Local\Programs\Julia-1.6.1\bin\libgcc_s_seh-1.dll
0x00007ffc277d0000 - 0x00007ffc2786e000 	C:\WINDOWS\System32\msvcrt.dll
0x0000000064940000 - 0x00000000649d8000 	C:\Users\Miguel Marcelino\AppData\Local\Programs\Julia-1.6.1\bin\libwinpthread-1.dll
0x0000000068740000 - 0x0000000068790000 	C:\Users\Miguel Marcelino\AppData\Local\Programs\Julia-1.6.1\bin\libopenlibm.dll
0x0000000002640000 - 0x00000000072fa000 	C:\Users\Miguel Marcelino\AppData\Local\Programs\Julia-1.6.1\bin\libjulia-internal.dll
0x00007ffc29b60000 - 0x00007ffc29c03000 	C:\WINDOWS\System32\ADVAPI32.dll
0x00007ffc29e80000 - 0x00007ffc29f1e000 	C:\WINDOWS\System32\sechost.dll
0x00007ffc29c70000 - 0x00007ffc29d8f000 	C:\WINDOWS\System32\RPCRT4.dll
0x00007ffc29f30000 - 0x00007ffc29f38000 	C:\WINDOWS\System32\PSAPI.DLL
0x00007ffc2a0a0000 - 0x00007ffc2a237000 	C:\WINDOWS\System32\USER32.dll
0x00007ffc267b0000 - 0x00007ffc267d0000 	C:\WINDOWS\System32\win32u.dll
0x00007ffc29930000 - 0x00007ffc29959000 	C:\WINDOWS\System32\GDI32.dll
0x00007ffc26880000 - 0x00007ffc26a1c000 	C:\WINDOWS\System32\gdi32full.dll
0x00007ffc26a20000 - 0x00007ffc26ac0000 	C:\WINDOWS\System32\msvcp_win.dll
0x00007ffc266b0000 - 0x00007ffc267aa000 	C:\WINDOWS\System32\ucrtbase.dll
0x00007ffc29d90000 - 0x00007ffc29dfd000 	C:\WINDOWS\System32\WS2_32.dll
0x00007ffc15640000 - 0x00007ffc1582d000 	C:\WINDOWS\SYSTEM32\dbghelp.dll
0x00007ffc257c0000 - 0x00007ffc257fd000 	C:\WINDOWS\SYSTEM32\IPHLPAPI.DLL
0x00007ffc15310000 - 0x00007ffc1531c000 	C:\WINDOWS\SYSTEM32\Secur32.dll
0x00007ffc26160000 - 0x00007ffc26189000 	C:\WINDOWS\SYSTEM32\USERENV.dll
0x00007ffc26260000 - 0x00007ffc26284000 	C:\WINDOWS\System32\profapi.dll
0x00007ffc22f20000 - 0x00007ffc22f44000 	C:\WINDOWS\SYSTEM32\WINMM.dll
0x00007ffc22ef0000 - 0x00007ffc22f1d000 	C:\WINDOWS\SYSTEM32\WINMMBASE.dll
0x00007ffc26830000 - 0x00007ffc2687a000 	C:\WINDOWS\System32\cfgmgr32.dll
0x0000000068ac0000 - 0x0000000068b1d000 	C:\Users\Miguel Marcelino\AppData\Local\Programs\Julia-1.6.1\bin\libssp-0.dll
0x000000006fc40000 - 0x00000000714f4000 	C:\Users\Miguel Marcelino\AppData\Local\Programs\Julia-1.6.1\bin\libstdc++-6.dll
0x0000000007300000 - 0x000000000acb9000 	C:\Users\Miguel Marcelino\AppData\Local\Programs\Julia-1.6.1\bin\LLVM.dll
0x00007ffc29f40000 - 0x00007ffc2a096000 	C:\WINDOWS\System32\ole32.dll
0x00007ffc274a0000 - 0x00007ffc277cd000 	C:\WINDOWS\System32\combase.dll
0x00007ffc26ac0000 - 0x00007ffc26b3f000 	C:\WINDOWS\System32\bcryptPrimitives.dll
0x00007ffc28420000 - 0x00007ffc29919000 	C:\WINDOWS\System32\SHELL32.dll
0x00007ffc27d50000 - 0x00007ffc27df8000 	C:\WINDOWS\System32\shcore.dll
0x00007ffc26b40000 - 0x00007ffc2728b000 	C:\WINDOWS\System32\windows.storage.dll
0x00007ffc26290000 - 0x00007ffc262ed000 	C:\WINDOWS\System32\powrprof.dll
0x00007ffc27ac0000 - 0x00007ffc27b12000 	C:\WINDOWS\System32\shlwapi.dll
0x00007ffc25c70000 - 0x00007ffc25c7c000 	C:\WINDOWS\SYSTEM32\CRYPTBASE.DLL
0x00007ffc262f0000 - 0x00007ffc26301000 	C:\WINDOWS\System32\kernel.appcore.dll
0x00007ffc27480000 - 0x00007ffc27497000 	C:\WINDOWS\System32\cryptsp.dll
0x00007ffc26190000 - 0x00007ffc261bf000 	C:\WINDOWS\SYSTEM32\SSPICLI.DLL
0x00007ffc279e0000 - 0x00007ffc27a0e000 	C:\WINDOWS\System32\IMM32.DLL
0x00007ffc25630000 - 0x00007ffc25663000 	C:\WINDOWS\system32\rsaenh.dll
0x00007ffc26330000 - 0x00007ffc26356000 	C:\WINDOWS\System32\bcrypt.dll
0x00007ffc24760000 - 0x00007ffc247fc000 	C:\WINDOWS\system32\uxtheme.dll
0x00007ffc25aa0000 - 0x00007ffc25b07000 	C:\WINDOWS\system32\mswsock.dll
0x000000000e450000 - 0x0000000019155000 	C:\Users\Miguel Marcelino\AppData\Local\Programs\Julia-1.6.1\lib\julia\sys.dll
0x000000006c6c0000 - 0x000000006c72d000 	C:\Users\Miguel Marcelino\AppData\Local\Programs\Julia-1.6.1\bin\libatomic-1.dll
0x0000000064380000 - 0x0000000064438000 	C:\Users\Miguel Marcelino\AppData\Local\Programs\Julia-1.6.1\bin\libpcre2-8.DLL
0x000000006acc0000 - 0x000000006ad9d000 	C:\Users\Miguel Marcelino\AppData\Local\Programs\Julia-1.6.1\bin\libgmp.DLL
0x0000000063240000 - 0x000000006346f000 	C:\Users\Miguel Marcelino\AppData\Local\Programs\Julia-1.6.1\bin\libmpfr.DLL
0x000000001eea0000 - 0x000000001ef7d000 	C:\Users\Miguel Marcelino\AppData\Local\Programs\Julia-1.6.1\bin\libgmp-10.dll
0x000000001ef80000 - 0x0000000020bb8000 	C:\Users\Miguel Marcelino\AppData\Local\Programs\Julia-1.6.1\bin\libopenblas64_.DLL
0x0000000065440000 - 0x0000000065f1e000 	C:\Users\Miguel Marcelino\AppData\Local\Programs\Julia-1.6.1\bin\libgfortran-5.dll
0x000000006cf00000 - 0x000000006d05e000 	C:\Users\Miguel Marcelino\AppData\Local\Programs\Julia-1.6.1\bin\libquadmath-0.dll
0x000000006ba00000 - 0x000000006bb22000 	C:\Users\Miguel Marcelino\AppData\Local\Programs\Julia-1.6.1\bin\libcholmod.DLL
0x0000000064600000 - 0x000000006462c000 	C:\Users\Miguel Marcelino\AppData\Local\Programs\Julia-1.6.1\bin\libcamd.dll
0x0000000066d40000 - 0x0000000066d64000 	C:\Users\Miguel Marcelino\AppData\Local\Programs\Julia-1.6.1\bin\libsuitesparseconfig.dll
0x0000000068540000 - 0x000000006856b000 	C:\Users\Miguel Marcelino\AppData\Local\Programs\Julia-1.6.1\bin\libamd.dll
0x0000000000c80000 - 0x0000000000ca9000 	C:\Users\Miguel Marcelino\AppData\Local\Programs\Julia-1.6.1\bin\libcolamd.dll
0x0000000000cb0000 - 0x0000000000cdd000 	C:\Users\Miguel Marcelino\AppData\Local\Programs\Julia-1.6.1\bin\libccolamd.dll
0x0000000062280000 - 0x00000000622a2000 	C:\Users\Miguel Marcelino\AppData\Local\Programs\Julia-1.6.1\bin\libsuitesparse_wrapper.DLL
0x000000006dc80000 - 0x000000006dd42000 	C:\Users\Miguel Marcelino\AppData\Local\Programs\Julia-1.6.1\bin\libnghttp2-14.dll
0x000000000c9a0000 - 0x000000000ca38000 	C:\Users\Miguel Marcelino\AppData\Local\Programs\Julia-1.6.1\bin\libcurl-4.dll
0x00007ffc27290000 - 0x00007ffc27473000 	C:\WINDOWS\System32\CRYPT32.dll
0x00007ffc26310000 - 0x00007ffc26322000 	C:\WINDOWS\System32\MSASN1.dll
0x000000006ea80000 - 0x000000006ead5000 	C:\Users\Miguel Marcelino\AppData\Local\Programs\Julia-1.6.1\bin\libssh2.dll
0x000000006e8c0000 - 0x000000006e8fa000 	C:\Users\Miguel Marcelino\AppData\Local\Programs\Julia-1.6.1\bin\libz.dll
0x000000006d840000 - 0x000000006d8d6000 	C:\Users\Miguel Marcelino\AppData\Local\Programs\Julia-1.6.1\bin\libmbedcrypto.dll
0x0000000069f90000 - 0x000000006a7ff000 	C:\Program Files\Java\jre1.8.0_271\bin\server\jvm.dll
0x00007ffc15bf0000 - 0x00007ffc15bf9000 	C:\WINDOWS\SYSTEM32\WSOCK32.dll
0x00007ffc20b40000 - 0x00007ffc20b4a000 	C:\WINDOWS\SYSTEM32\VERSION.dll
0x00007ffc19600000 - 0x00007ffc1961a000 	C:\WINDOWS\SYSTEM32\VCRUNTIME140.dll
0x00007ffc167c0000 - 0x00007ffc167d0000 	C:\Program Files\Java\jre1.8.0_271\bin\verify.dll
0x00007ffc16750000 - 0x00007ffc1677b000 	C:\Program Files\Java\jre1.8.0_271\bin\java.dll
0x00007ffc167a0000 - 0x00007ffc167b8000 	C:\Program Files\Java\jre1.8.0_271\bin\zip.dll

VM Arguments:
jvm_args: -Xmx128M 
java_command: <unknown>
java_class_path (initial): <not set>
Launcher Type: generic

Environment Variables:
JAVA_HOME=C:\Program Files\Java\jre1.8.0_271
PATH=C:\Program Files\Common Files\Oracle\Java\javapath;C:\Program Files (x86)\Common Files\Oracle\Java\javapath;C:\WINDOWS\system32;C:\WINDOWS;C:\WINDOWS\System32\Wbem;C:\WINDOWS\System32\WindowsPowerShell\v1.0\;C:\WINDOWS\System32\OpenSSH\;C:\Program Files\dotnet\;C:\Program Files\Microsoft SQL Server\130\Tools\Binn\;C:\Program Files\Git\cmd;C:\Users\Miguel Marcelino\AppData\Local\Microsoft\WindowsApps;C:\Users\Miguel Marcelino\AppData\Local\Programs\Microsoft VS Code\bin;C:\Users\Miguel Marcelino\.dotnet\tools;C:\Users\Miguel Marcelino\AppData\Local\GitHubDesktop\bin;C:\Users\Miguel Marcelino\AppData\Local\Programs\Julia-1.6.1\bin
USERNAME=Miguel Marcelino
OS=Windows_NT
PROCESSOR_IDENTIFIER=Intel64 Family 6 Model 60 Stepping 3, GenuineIntel



---------------  S Y S T E M  ---------------

OS: Windows 10.0 , 64 bit Build 17763 (10.0.17763.1879)

CPU:total 8 (initial active 8) (4 cores per cpu, 2 threads per core) family 6 model 60 stepping 3, cmov, cx8, fxsr, mmx, sse, sse2, sse3, ssse3, sse4.1, sse4.2, popcnt, avx, avx2, aes, clmul, erms, lzcnt, ht, tsc, tscinvbit, bmi1, bmi2

Memory: 4k page, physical 16706340k(9719800k free), swap 19196708k(7496272k free)

vm_info: Java HotSpot(TM) 64-Bit Server VM (25.271-b09) for windows-amd64 JRE (1.8.0_271-b09), built on Sep 16 2020 19:14:59 by "" with MS VC++ 15.9 (VS2017)

time: Thu Jun  3 15:49:30 2021
timezone: GMT Daylight Time
elapsed time: 393.288668 seconds (0d 0h 6m 33s)

